{"/home/travis/build/npmtest/node-npmtest-regenerator/test.js":{"path":"/home/travis/build/npmtest/node-npmtest-regenerator/test.js","s":{"1":2,"2":2,"3":2,"4":2,"5":2,"6":2,"7":2,"8":1,"9":2,"10":2,"11":1,"12":1,"13":1,"14":1,"15":2,"16":2,"17":2,"18":2,"19":1,"20":1,"21":2,"22":2,"23":2,"24":1,"25":1,"26":1,"27":1,"28":1,"29":1,"30":1,"31":1,"32":1,"33":1,"34":1,"35":1,"36":1,"37":1,"38":1,"39":2,"40":2,"41":1,"42":2,"43":2,"44":1,"45":2,"46":2,"47":1,"48":2,"49":2,"50":1,"51":1,"52":1,"53":1,"54":1},"b":{"1":[2,1,1,1],"2":[1,1,1,1],"3":[1,1],"4":[1,1],"5":[1,1],"6":[1,1],"7":[1,1],"8":[1,1],"9":[1,1],"10":[1,1,1],"11":[1,1],"12":[1,1],"13":[1,1],"14":[1,1],"15":[1,1],"16":[1,1],"17":[1,1]},"f":{"1":2,"2":2,"3":2,"4":2,"5":2,"6":1,"7":1,"8":1,"9":2,"10":2,"11":2,"12":2,"13":1},"fnMap":{"1":{"name":"(anonymous_1)","line":12,"loc":{"start":{"line":12,"column":1},"end":{"line":12,"column":13}}},"2":{"name":"(anonymous_2)","line":19,"loc":{"start":{"line":19,"column":5},"end":{"line":19,"column":17}}},"3":{"name":"(anonymous_3)","line":23,"loc":{"start":{"line":23,"column":24},"end":{"line":23,"column":36}}},"4":{"name":"(anonymous_4)","line":61,"loc":{"start":{"line":61,"column":5},"end":{"line":61,"column":17}}},"5":{"name":"(anonymous_5)","line":82,"loc":{"start":{"line":82,"column":5},"end":{"line":82,"column":17}}},"6":{"name":"(anonymous_6)","line":91,"loc":{"start":{"line":91,"column":77},"end":{"line":94,"column":10}}},"7":{"name":"(anonymous_7)","line":112,"loc":{"start":{"line":112,"column":83},"end":{"line":115,"column":10}},"skip":true},"8":{"name":"(anonymous_8)","line":123,"loc":{"start":{"line":123,"column":77},"end":{"line":126,"column":10}},"skip":true},"9":{"name":"(anonymous_9)","line":139,"loc":{"start":{"line":139,"column":12},"end":{"line":139,"column":40}},"skip":true},"10":{"name":"(anonymous_10)","line":147,"loc":{"start":{"line":147,"column":77},"end":{"line":150,"column":10}},"skip":true},"11":{"name":"(anonymous_11)","line":158,"loc":{"start":{"line":158,"column":83},"end":{"line":161,"column":10}},"skip":true},"12":{"name":"(anonymous_12)","line":169,"loc":{"start":{"line":169,"column":79},"end":{"line":172,"column":10}},"skip":true},"13":{"name":"(anonymous_13)","line":180,"loc":{"start":{"line":180,"column":75},"end":{"line":183,"column":10}},"skip":true}},"statementMap":{"1":{"start":{"line":12,"column":0},"end":{"line":195,"column":5}},"2":{"start":{"line":14,"column":4},"end":{"line":14,"column":14}},"3":{"start":{"line":19,"column":4},"end":{"line":56,"column":9}},"4":{"start":{"line":21,"column":8},"end":{"line":21,"column":19}},"5":{"start":{"line":23,"column":8},"end":{"line":35,"column":13}},"6":{"start":{"line":24,"column":12},"end":{"line":34,"column":13}},"7":{"start":{"line":25,"column":16},"end":{"line":28,"column":30}},"8":{"start":{"line":30,"column":16},"end":{"line":33,"column":27}},"9":{"start":{"line":37,"column":8},"end":{"line":39,"column":21}},"10":{"start":{"line":40,"column":8},"end":{"line":53,"column":9}},"11":{"start":{"line":43,"column":12},"end":{"line":46,"column":14}},"12":{"start":{"line":47,"column":12},"end":{"line":47,"column":18}},"13":{"start":{"line":50,"column":12},"end":{"line":51,"column":33}},"14":{"start":{"line":52,"column":12},"end":{"line":52,"column":18}},"15":{"start":{"line":55,"column":8},"end":{"line":55,"column":35}},"16":{"start":{"line":61,"column":4},"end":{"line":63,"column":9}},"17":{"start":{"line":62,"column":8},"end":{"line":62,"column":15}},"18":{"start":{"line":64,"column":4},"end":{"line":77,"column":5}},"19":{"start":{"line":70,"column":8},"end":{"line":70,"column":14}},"20":{"start":{"line":76,"column":8},"end":{"line":76,"column":14}},"21":{"start":{"line":82,"column":4},"end":{"line":84,"column":9}},"22":{"start":{"line":83,"column":8},"end":{"line":83,"column":15}},"23":{"start":{"line":85,"column":4},"end":{"line":194,"column":5}},"24":{"start":{"line":91,"column":8},"end":{"line":99,"column":10}},"25":{"start":{"line":98,"column":12},"end":{"line":98,"column":35}},"26":{"start":{"line":102,"column":8},"end":{"line":104,"column":63}},"27":{"start":{"line":105,"column":8},"end":{"line":105,"column":14}},"28":{"start":{"line":112,"column":8},"end":{"line":121,"column":10},"skip":true},"29":{"start":{"line":119,"column":12},"end":{"line":119,"column":55},"skip":true},"30":{"start":{"line":120,"column":12},"end":{"line":120,"column":48},"skip":true},"31":{"start":{"line":123,"column":8},"end":{"line":136,"column":10},"skip":true},"32":{"start":{"line":130,"column":12},"end":{"line":130,"column":76},"skip":true},"33":{"start":{"line":131,"column":12},"end":{"line":131,"column":73},"skip":true},"34":{"start":{"line":132,"column":12},"end":{"line":132,"column":74},"skip":true},"35":{"start":{"line":133,"column":12},"end":{"line":133,"column":79},"skip":true},"36":{"start":{"line":134,"column":12},"end":{"line":134,"column":25},"skip":true},"37":{"start":{"line":135,"column":12},"end":{"line":135,"column":45},"skip":true},"38":{"start":{"line":138,"column":8},"end":{"line":145,"column":14},"skip":true},"39":{"start":{"line":143,"column":16},"end":{"line":143,"column":29},"skip":true},"40":{"start":{"line":144,"column":16},"end":{"line":144,"column":55},"skip":true},"41":{"start":{"line":147,"column":8},"end":{"line":156,"column":10},"skip":true},"42":{"start":{"line":154,"column":12},"end":{"line":154,"column":25},"skip":true},"43":{"start":{"line":155,"column":12},"end":{"line":155,"column":45},"skip":true},"44":{"start":{"line":158,"column":8},"end":{"line":167,"column":10},"skip":true},"45":{"start":{"line":165,"column":12},"end":{"line":165,"column":25},"skip":true},"46":{"start":{"line":166,"column":12},"end":{"line":166,"column":48},"skip":true},"47":{"start":{"line":169,"column":8},"end":{"line":178,"column":10},"skip":true},"48":{"start":{"line":176,"column":12},"end":{"line":176,"column":25},"skip":true},"49":{"start":{"line":177,"column":12},"end":{"line":177,"column":46},"skip":true},"50":{"start":{"line":180,"column":8},"end":{"line":189,"column":10},"skip":true},"51":{"start":{"line":187,"column":12},"end":{"line":187,"column":94},"skip":true},"52":{"start":{"line":188,"column":12},"end":{"line":188,"column":48},"skip":true},"53":{"start":{"line":192,"column":8},"end":{"line":192,"column":35},"skip":true},"54":{"start":{"line":193,"column":8},"end":{"line":193,"column":14},"skip":true}},"branchMap":{"1":{"line":25,"type":"binary-expr","locations":[{"start":{"line":25,"column":23},"end":{"line":25,"column":62}},{"start":{"line":26,"column":20},"end":{"line":26,"column":70}},{"start":{"line":27,"column":20},"end":{"line":27,"column":71}},{"start":{"line":28,"column":20},"end":{"line":28,"column":29}}]},"2":{"line":30,"type":"binary-expr","locations":[{"start":{"line":30,"column":23},"end":{"line":30,"column":37}},{"start":{"line":31,"column":20},"end":{"line":31,"column":61}},{"start":{"line":32,"column":20},"end":{"line":32,"column":70}},{"start":{"line":33,"column":20},"end":{"line":33,"column":26}}]},"3":{"line":37,"type":"cond-expr","locations":[{"start":{"line":38,"column":14},"end":{"line":38,"column":20}},{"start":{"line":39,"column":14},"end":{"line":39,"column":20}}]},"4":{"line":40,"type":"switch","locations":[{"start":{"line":42,"column":8},"end":{"line":47,"column":18}},{"start":{"line":49,"column":8},"end":{"line":52,"column":18}}]},"5":{"line":44,"type":"binary-expr","locations":[{"start":{"line":44,"column":16},"end":{"line":44,"column":44}},{"start":{"line":44,"column":48},"end":{"line":44,"column":66}}]},"6":{"line":50,"type":"binary-expr","locations":[{"start":{"line":50,"column":21},"end":{"line":50,"column":49}},{"start":{"line":50,"column":53},"end":{"line":50,"column":72}}]},"7":{"line":64,"type":"switch","locations":[{"start":{"line":69,"column":4},"end":{"line":70,"column":14}},{"start":{"line":75,"column":4},"end":{"line":76,"column":14}}]},"8":{"line":85,"type":"switch","locations":[{"start":{"line":90,"column":4},"end":{"line":105,"column":14}},{"start":{"line":111,"column":4},"end":{"line":193,"column":14},"skip":true}]},"9":{"line":91,"type":"binary-expr","locations":[{"start":{"line":91,"column":42},"end":{"line":91,"column":73}},{"start":{"line":91,"column":77},"end":{"line":99,"column":9}}]},"10":{"line":102,"type":"binary-expr","locations":[{"start":{"line":102,"column":18},"end":{"line":102,"column":32}},{"start":{"line":103,"column":12},"end":{"line":103,"column":53}},{"start":{"line":104,"column":12},"end":{"line":104,"column":61}}]},"11":{"line":112,"type":"binary-expr","locations":[{"start":{"line":112,"column":45},"end":{"line":112,"column":79},"skip":true},{"start":{"line":112,"column":83},"end":{"line":121,"column":9},"skip":true}]},"12":{"line":123,"type":"binary-expr","locations":[{"start":{"line":123,"column":42},"end":{"line":123,"column":73},"skip":true},{"start":{"line":123,"column":77},"end":{"line":136,"column":9},"skip":true}]},"13":{"line":138,"type":"binary-expr","locations":[{"start":{"line":138,"column":48},"end":{"line":138,"column":85},"skip":true},{"start":{"line":139,"column":12},"end":{"line":145,"column":13},"skip":true}]},"14":{"line":147,"type":"binary-expr","locations":[{"start":{"line":147,"column":42},"end":{"line":147,"column":73},"skip":true},{"start":{"line":147,"column":77},"end":{"line":156,"column":9},"skip":true}]},"15":{"line":158,"type":"binary-expr","locations":[{"start":{"line":158,"column":45},"end":{"line":158,"column":79},"skip":true},{"start":{"line":158,"column":83},"end":{"line":167,"column":9},"skip":true}]},"16":{"line":169,"type":"binary-expr","locations":[{"start":{"line":169,"column":43},"end":{"line":169,"column":75},"skip":true},{"start":{"line":169,"column":79},"end":{"line":178,"column":9},"skip":true}]},"17":{"line":180,"type":"binary-expr","locations":[{"start":{"line":180,"column":41},"end":{"line":180,"column":71},"skip":true},{"start":{"line":180,"column":75},"end":{"line":189,"column":9},"skip":true}]}},"code":["/* istanbul instrument in package npmtest_regenerator */","/*jslint","    bitwise: true,","    browser: true,","    maxerr: 8,","    maxlen: 96,","    node: true,","    nomen: true,","    regexp: true,","    stupid: true","*/","(function () {","    'use strict';","    var local;","","","","    // run shared js-env code - pre-init","    (function () {","        // init local","        local = {};","        // init modeJs","        local.modeJs = (function () {","            try {","                return typeof navigator.userAgent === 'string' &&","                    typeof document.querySelector('body') === 'object' &&","                    typeof XMLHttpRequest.prototype.open === 'function' &&","                    'browser';","            } catch (errorCaughtBrowser) {","                return module.exports &&","                    typeof process.versions.node === 'string' &&","                    typeof require('http').createServer === 'function' &&","                    'node';","            }","        }());","        // init global","        local.global = local.modeJs === 'browser'","            ? window","            : global;","        switch (local.modeJs) {","        // re-init local from window.local","        case 'browser':","            local = local.global.utility2.objectSetDefault(","                local.global.utility2_rollup || local.global.local,","                local.global.utility2","            );","            break;","        // re-init local from example.js","        case 'node':","            local = (local.global.utility2_rollup || require('utility2'))","                .requireReadme();","            break;","        }","        // export local","        local.global.local = local;","    }());","","","","    // run shared js-env code - function","    (function () {","        return;","    }());","    switch (local.modeJs) {","","","","    // run browser js-env code - function","    case 'browser':","        break;","","","","    // run node js-env code - function","    case 'node':","        break;","    }","","","","    // run shared js-env code - post-init","    (function () {","        return;","    }());","    switch (local.modeJs) {","","","","    // run browser js-env code - post-init","    case 'browser':","        local.testCase_browser_nullCase = local.testCase_browser_nullCase || function (","            options,","            onError","        ) {","        /*","         * this function will test browsers's null-case handling-behavior-behavior","         */","            onError(null, options);","        };","","        // run tests","        local.nop(local.modeTest &&","            document.querySelector('#testRunButton1') &&","            document.querySelector('#testRunButton1').click());","        break;","","","","    // run node js-env code - post-init","    /* istanbul ignore next */","    case 'node':","        local.testCase_buildApidoc_default = local.testCase_buildApidoc_default || function (","            options,","            onError","        ) {","        /*","         * this function will test buildApidoc's default handling-behavior-behavior","         */","            options = { modulePathList: module.paths };","            local.buildApidoc(options, onError);","        };","","        local.testCase_buildApp_default = local.testCase_buildApp_default || function (","            options,","            onError","        ) {","        /*","         * this function will test buildApp's default handling-behavior-behavior","         */","            local.testCase_buildReadme_default(options, local.onErrorThrow);","            local.testCase_buildLib_default(options, local.onErrorThrow);","            local.testCase_buildTest_default(options, local.onErrorThrow);","            local.testCase_buildCustomOrg_default(options, local.onErrorThrow);","            options = [];","            local.buildApp(options, onError);","        };","","        local.testCase_buildCustomOrg_default = local.testCase_buildCustomOrg_default ||","            function (options, onError) {","            /*","             * this function will test buildCustomOrg's default handling-behavior","             */","                options = {};","                local.buildCustomOrg(options, onError);","            };","","        local.testCase_buildLib_default = local.testCase_buildLib_default || function (","            options,","            onError","        ) {","        /*","         * this function will test buildLib's default handling-behavior","         */","            options = {};","            local.buildLib(options, onError);","        };","","        local.testCase_buildReadme_default = local.testCase_buildReadme_default || function (","            options,","            onError","        ) {","        /*","         * this function will test buildReadme's default handling-behavior-behavior","         */","            options = {};","            local.buildReadme(options, onError);","        };","","        local.testCase_buildTest_default = local.testCase_buildTest_default || function (","            options,","            onError","        ) {","        /*","         * this function will test buildTest's default handling-behavior","         */","            options = {};","            local.buildTest(options, onError);","        };","","        local.testCase_webpage_default = local.testCase_webpage_default || function (","            options,","            onError","        ) {","        /*","         * this function will test webpage's default handling-behavior","         */","            options = { modeCoverageMerge: true, url: local.serverLocalHost + '?modeTest=1' };","            local.browserTest(options, onError);","        };","","        // run test-server","        local.testRunServer(local);","        break;","    }","}());",""],"l":{"12":2,"14":2,"19":2,"21":2,"23":2,"24":2,"25":2,"30":1,"37":2,"40":2,"43":1,"47":1,"50":1,"52":1,"55":2,"61":2,"62":2,"64":2,"70":1,"76":1,"82":2,"83":2,"85":2,"91":1,"98":1,"102":1,"105":1,"112":1,"119":1,"120":1,"123":1,"130":1,"131":1,"132":1,"133":1,"134":1,"135":1,"138":1,"143":2,"144":2,"147":1,"154":2,"155":2,"158":1,"165":2,"166":2,"169":1,"176":2,"177":2,"180":1,"187":1,"188":1,"192":1,"193":1}},"/home/travis/build/npmtest/node-npmtest-regenerator/lib.npmtest_regenerator.js":{"path":"/home/travis/build/npmtest/node-npmtest-regenerator/lib.npmtest_regenerator.js","s":{"1":2,"2":2,"3":2,"4":2,"5":2,"6":2,"7":2,"8":1,"9":2,"10":2,"11":2,"12":2,"13":1,"14":1,"15":1,"16":1},"b":{"1":[2,1,1,1],"2":[1,1,1,1],"3":[1,1],"4":[2,2],"5":[1,1]},"f":{"1":2,"2":2,"3":2},"fnMap":{"1":{"name":"(anonymous_1)","line":12,"loc":{"start":{"line":12,"column":1},"end":{"line":12,"column":13}}},"2":{"name":"(anonymous_2)","line":19,"loc":{"start":{"line":19,"column":5},"end":{"line":19,"column":17}}},"3":{"name":"(anonymous_3)","line":23,"loc":{"start":{"line":23,"column":24},"end":{"line":23,"column":36}}}},"statementMap":{"1":{"start":{"line":12,"column":0},"end":{"line":53,"column":5}},"2":{"start":{"line":14,"column":4},"end":{"line":14,"column":14}},"3":{"start":{"line":19,"column":4},"end":{"line":52,"column":9}},"4":{"start":{"line":21,"column":8},"end":{"line":21,"column":19}},"5":{"start":{"line":23,"column":8},"end":{"line":35,"column":13}},"6":{"start":{"line":24,"column":12},"end":{"line":34,"column":13}},"7":{"start":{"line":25,"column":16},"end":{"line":28,"column":30}},"8":{"start":{"line":30,"column":16},"end":{"line":33,"column":27}},"9":{"start":{"line":37,"column":8},"end":{"line":39,"column":21}},"10":{"start":{"line":41,"column":8},"end":{"line":41,"column":54}},"11":{"start":{"line":43,"column":8},"end":{"line":43,"column":56}},"12":{"start":{"line":45,"column":8},"end":{"line":51,"column":9}},"13":{"start":{"line":46,"column":12},"end":{"line":46,"column":62}},"14":{"start":{"line":48,"column":12},"end":{"line":48,"column":35}},"15":{"start":{"line":49,"column":12},"end":{"line":49,"column":49}},"16":{"start":{"line":50,"column":12},"end":{"line":50,"column":43}}},"branchMap":{"1":{"line":25,"type":"binary-expr","locations":[{"start":{"line":25,"column":23},"end":{"line":25,"column":62}},{"start":{"line":26,"column":20},"end":{"line":26,"column":70}},{"start":{"line":27,"column":20},"end":{"line":27,"column":71}},{"start":{"line":28,"column":20},"end":{"line":28,"column":29}}]},"2":{"line":30,"type":"binary-expr","locations":[{"start":{"line":30,"column":23},"end":{"line":30,"column":37}},{"start":{"line":31,"column":20},"end":{"line":31,"column":61}},{"start":{"line":32,"column":20},"end":{"line":32,"column":70}},{"start":{"line":33,"column":20},"end":{"line":33,"column":26}}]},"3":{"line":37,"type":"cond-expr","locations":[{"start":{"line":38,"column":14},"end":{"line":38,"column":20}},{"start":{"line":39,"column":14},"end":{"line":39,"column":20}}]},"4":{"line":41,"type":"binary-expr","locations":[{"start":{"line":41,"column":16},"end":{"line":41,"column":44}},{"start":{"line":41,"column":48},"end":{"line":41,"column":53}}]},"5":{"line":45,"type":"if","locations":[{"start":{"line":45,"column":8},"end":{"line":45,"column":8}},{"start":{"line":45,"column":8},"end":{"line":45,"column":8}}]}},"code":["/* istanbul instrument in package npmtest_regenerator */","/*jslint","    bitwise: true,","    browser: true,","    maxerr: 8,","    maxlen: 96,","    node: true,","    nomen: true,","    regexp: true,","    stupid: true","*/","(function () {","    'use strict';","    var local;","","","","    // run shared js-env code - pre-init","    (function () {","        // init local","        local = {};","        // init modeJs","        local.modeJs = (function () {","            try {","                return typeof navigator.userAgent === 'string' &&","                    typeof document.querySelector('body') === 'object' &&","                    typeof XMLHttpRequest.prototype.open === 'function' &&","                    'browser';","            } catch (errorCaughtBrowser) {","                return module.exports &&","                    typeof process.versions.node === 'string' &&","                    typeof require('http').createServer === 'function' &&","                    'node';","            }","        }());","        // init global","        local.global = local.modeJs === 'browser'","            ? window","            : global;","        // init utility2_rollup","        local = local.global.utility2_rollup || local;","        // init lib","        local.local = local.npmtest_regenerator = local;","        // init exports","        if (local.modeJs === 'browser') {","            local.global.utility2_npmtest_regenerator = local;","        } else {","            module.exports = local;","            module.exports.__dirname = __dirname;","            module.exports.module = module;","        }","    }());","}());",""],"l":{"12":2,"14":2,"19":2,"21":2,"23":2,"24":2,"25":2,"30":1,"37":2,"41":2,"43":2,"45":2,"46":1,"48":1,"49":1,"50":1}},"/home/travis/build/npmtest/node-npmtest-regenerator/example.js":{"path":"/home/travis/build/npmtest/node-npmtest-regenerator/example.js","s":{"1":2,"2":2,"3":2,"4":2,"5":2,"6":2,"7":2,"8":1,"9":2,"10":2,"11":2,"12":2,"13":1,"14":2,"15":2,"16":2,"17":2,"18":2,"19":0,"20":2,"21":1,"22":1,"23":1,"24":1,"25":1,"26":0,"27":0,"28":1,"29":1,"30":2,"31":0,"32":0,"33":0,"34":1,"35":2,"36":2,"37":3,"38":3,"39":3,"40":3,"41":0,"42":3,"43":3,"44":3,"45":1,"46":3,"47":1,"48":1,"49":1,"50":1,"51":1,"52":1,"53":1,"54":1,"55":1,"56":1,"57":0,"58":1,"59":6,"60":6,"61":1,"62":2,"63":0,"64":2,"65":1,"66":1,"67":0,"68":0,"69":0,"70":0,"71":0,"72":0,"73":0,"74":0,"75":0,"76":0,"77":0,"78":0,"79":0,"80":0,"81":0,"82":0,"83":0},"b":{"1":[2,1,1,1],"2":[1,1,1,1],"3":[1,1],"4":[2,2],"5":[1,1],"6":[1,1],"7":[2,0],"8":[2,1,1,1,1,1],"9":[0,2,0],"10":[1,1],"11":[2,1,1],"12":[1,0],"13":[0,2],"14":[2,0,0,0,0,0,0],"15":[0,3],"16":[3,0],"17":[1,1],"18":[0,1],"19":[1,2,0,2],"20":[1,0],"21":[1,1],"22":[0,0],"23":[0,0],"24":[0,0],"25":[0,0],"26":[0,0],"27":[0,0],"28":[0,0]},"f":{"1":2,"2":2,"3":2,"4":2,"5":2,"6":2,"7":3,"8":3,"9":3,"10":1,"11":6,"12":0},"fnMap":{"1":{"name":"(anonymous_1)","line":26,"loc":{"start":{"line":26,"column":1},"end":{"line":26,"column":13}}},"2":{"name":"(anonymous_2)","line":33,"loc":{"start":{"line":33,"column":5},"end":{"line":33,"column":17}}},"3":{"name":"(anonymous_3)","line":37,"loc":{"start":{"line":37,"column":24},"end":{"line":37,"column":36}}},"4":{"name":"(anonymous_4)","line":69,"loc":{"start":{"line":69,"column":31},"end":{"line":69,"column":48}},"skip":true},"5":{"name":"(anonymous_5)","line":78,"loc":{"start":{"line":78,"column":26},"end":{"line":78,"column":45}},"skip":true},"6":{"name":"(anonymous_6)","line":123,"loc":{"start":{"line":123,"column":33},"end":{"line":123,"column":48}},"skip":true},"7":{"name":"(anonymous_7)","line":125,"loc":{"start":{"line":125,"column":27},"end":{"line":125,"column":39}},"skip":true},"8":{"name":"(anonymous_8)","line":133,"loc":{"start":{"line":133,"column":59},"end":{"line":133,"column":74}},"skip":true},"9":{"name":"(anonymous_9)","line":143,"loc":{"start":{"line":143,"column":45},"end":{"line":143,"column":62}},"skip":true},"10":{"name":"(anonymous_10)","line":144,"loc":{"start":{"line":144,"column":73},"end":{"line":144,"column":92}},"skip":true},"11":{"name":"(anonymous_11)","line":272,"loc":{"start":{"line":272,"column":51},"end":{"line":272,"column":77}},"skip":true},"12":{"name":"(anonymous_12)","line":315,"loc":{"start":{"line":315,"column":32},"end":{"line":315,"column":61}},"skip":true}},"statementMap":{"1":{"start":{"line":26,"column":0},"end":{"line":326,"column":5}},"2":{"start":{"line":28,"column":4},"end":{"line":28,"column":14}},"3":{"start":{"line":33,"column":4},"end":{"line":60,"column":9}},"4":{"start":{"line":35,"column":8},"end":{"line":35,"column":19}},"5":{"start":{"line":37,"column":8},"end":{"line":49,"column":13}},"6":{"start":{"line":38,"column":12},"end":{"line":48,"column":13}},"7":{"start":{"line":39,"column":16},"end":{"line":42,"column":30}},"8":{"start":{"line":44,"column":16},"end":{"line":47,"column":27}},"9":{"start":{"line":51,"column":8},"end":{"line":53,"column":21}},"10":{"start":{"line":55,"column":8},"end":{"line":57,"column":45}},"11":{"start":{"line":59,"column":8},"end":{"line":59,"column":35}},"12":{"start":{"line":61,"column":4},"end":{"line":325,"column":5}},"13":{"start":{"line":69,"column":8},"end":{"line":121,"column":10},"skip":true},"14":{"start":{"line":70,"column":12},"end":{"line":88,"column":13},"skip":true},"15":{"start":{"line":76,"column":16},"end":{"line":87,"column":19},"skip":true},"16":{"start":{"line":79,"column":20},"end":{"line":86,"column":21},"skip":true},"17":{"start":{"line":82,"column":24},"end":{"line":82,"column":43},"skip":true},"18":{"start":{"line":83,"column":24},"end":{"line":83,"column":30},"skip":true},"19":{"start":{"line":85,"column":24},"end":{"line":85,"column":49},"skip":true},"20":{"start":{"line":89,"column":12},"end":{"line":107,"column":13},"skip":true},"21":{"start":{"line":92,"column":16},"end":{"line":102,"column":17},"skip":true},"22":{"start":{"line":93,"column":20},"end":{"line":93,"column":86},"skip":true},"23":{"start":{"line":94,"column":20},"end":{"line":95,"column":45},"skip":true},"24":{"start":{"line":96,"column":20},"end":{"line":96,"column":42},"skip":true},"25":{"start":{"line":97,"column":20},"end":{"line":97,"column":48},"skip":true},"26":{"start":{"line":100,"column":20},"end":{"line":100,"column":85},"skip":true},"27":{"start":{"line":101,"column":20},"end":{"line":101,"column":96},"skip":true},"28":{"start":{"line":103,"column":16},"end":{"line":103,"column":22},"skip":true},"29":{"start":{"line":106,"column":16},"end":{"line":106,"column":22},"skip":true},"30":{"start":{"line":108,"column":12},"end":{"line":120,"column":13},"skip":true},"31":{"start":{"line":114,"column":16},"end":{"line":119,"column":17},"skip":true},"32":{"start":{"line":116,"column":20},"end":{"line":116,"column":78},"skip":true},"33":{"start":{"line":118,"column":20},"end":{"line":118,"column":47},"skip":true},"34":{"start":{"line":123,"column":8},"end":{"line":141,"column":11},"skip":true},"35":{"start":{"line":124,"column":12},"end":{"line":124,"column":54},"skip":true},"36":{"start":{"line":125,"column":12},"end":{"line":140,"column":14},"skip":true},"37":{"start":{"line":126,"column":16},"end":{"line":126,"column":28},"skip":true},"38":{"start":{"line":127,"column":16},"end":{"line":127,"column":69},"skip":true},"39":{"start":{"line":128,"column":16},"end":{"line":128,"column":75},"skip":true},"40":{"start":{"line":129,"column":16},"end":{"line":131,"column":17},"skip":true},"41":{"start":{"line":130,"column":20},"end":{"line":130,"column":27},"skip":true},"42":{"start":{"line":133,"column":16},"end":{"line":137,"column":36},"skip":true},"43":{"start":{"line":134,"column":20},"end":{"line":136,"column":55},"skip":true},"44":{"start":{"line":139,"column":16},"end":{"line":139,"column":57},"skip":true},"45":{"start":{"line":143,"column":8},"end":{"line":147,"column":11},"skip":true},"46":{"start":{"line":144,"column":12},"end":{"line":146,"column":15},"skip":true},"47":{"start":{"line":145,"column":16},"end":{"line":145,"column":70},"skip":true},"48":{"start":{"line":149,"column":8},"end":{"line":149,"column":31},"skip":true},"49":{"start":{"line":150,"column":8},"end":{"line":150,"column":14},"skip":true},"50":{"start":{"line":158,"column":8},"end":{"line":158,"column":31},"skip":true},"51":{"start":{"line":160,"column":8},"end":{"line":160,"column":33},"skip":true},"52":{"start":{"line":161,"column":8},"end":{"line":161,"column":37},"skip":true},"53":{"start":{"line":162,"column":8},"end":{"line":162,"column":35},"skip":true},"54":{"start":{"line":164,"column":8},"end":{"line":164,"column":50},"skip":true},"55":{"start":{"line":166,"column":8},"end":{"line":256,"column":2},"skip":true},"56":{"start":{"line":258,"column":8},"end":{"line":286,"column":9},"skip":true},"57":{"start":{"line":259,"column":12},"end":{"line":269,"column":14},"skip":true},"58":{"start":{"line":271,"column":12},"end":{"line":285,"column":19},"skip":true},"59":{"start":{"line":274,"column":20},"end":{"line":274,"column":35},"skip":true},"60":{"start":{"line":275,"column":20},"end":{"line":284,"column":21},"skip":true},"61":{"start":{"line":277,"column":24},"end":{"line":277,"column":64},"skip":true},"62":{"start":{"line":279,"column":24},"end":{"line":279,"column":40},"skip":true},"63":{"start":{"line":281,"column":24},"end":{"line":281,"column":40},"skip":true},"64":{"start":{"line":283,"column":24},"end":{"line":283,"column":39},"skip":true},"65":{"start":{"line":288,"column":8},"end":{"line":290,"column":9},"skip":true},"66":{"start":{"line":289,"column":12},"end":{"line":289,"column":18},"skip":true},"67":{"start":{"line":291,"column":8},"end":{"line":293,"column":54},"skip":true},"68":{"start":{"line":296,"column":8},"end":{"line":301,"column":37},"skip":true},"69":{"start":{"line":303,"column":8},"end":{"line":303,"column":82},"skip":true},"70":{"start":{"line":306,"column":8},"end":{"line":308,"column":9},"skip":true},"71":{"start":{"line":307,"column":12},"end":{"line":307,"column":82},"skip":true},"72":{"start":{"line":310,"column":8},"end":{"line":312,"column":9},"skip":true},"73":{"start":{"line":311,"column":12},"end":{"line":311,"column":18},"skip":true},"74":{"start":{"line":313,"column":8},"end":{"line":313,"column":54},"skip":true},"75":{"start":{"line":314,"column":8},"end":{"line":314,"column":69},"skip":true},"76":{"start":{"line":315,"column":8},"end":{"line":323,"column":36},"skip":true},"77":{"start":{"line":316,"column":12},"end":{"line":316,"column":61},"skip":true},"78":{"start":{"line":317,"column":12},"end":{"line":320,"column":13},"skip":true},"79":{"start":{"line":318,"column":16},"end":{"line":318,"column":75},"skip":true},"80":{"start":{"line":319,"column":16},"end":{"line":319,"column":23},"skip":true},"81":{"start":{"line":321,"column":12},"end":{"line":321,"column":38},"skip":true},"82":{"start":{"line":322,"column":12},"end":{"line":322,"column":27},"skip":true},"83":{"start":{"line":324,"column":8},"end":{"line":324,"column":14},"skip":true}},"branchMap":{"1":{"line":39,"type":"binary-expr","locations":[{"start":{"line":39,"column":23},"end":{"line":39,"column":62}},{"start":{"line":40,"column":20},"end":{"line":40,"column":70}},{"start":{"line":41,"column":20},"end":{"line":41,"column":71}},{"start":{"line":42,"column":20},"end":{"line":42,"column":29}}]},"2":{"line":44,"type":"binary-expr","locations":[{"start":{"line":44,"column":23},"end":{"line":44,"column":37}},{"start":{"line":45,"column":20},"end":{"line":45,"column":61}},{"start":{"line":46,"column":20},"end":{"line":46,"column":70}},{"start":{"line":47,"column":20},"end":{"line":47,"column":26}}]},"3":{"line":51,"type":"cond-expr","locations":[{"start":{"line":52,"column":14},"end":{"line":52,"column":20}},{"start":{"line":53,"column":14},"end":{"line":53,"column":20}}]},"4":{"line":55,"type":"binary-expr","locations":[{"start":{"line":55,"column":16},"end":{"line":55,"column":44}},{"start":{"line":55,"column":49},"end":{"line":57,"column":43}}]},"5":{"line":55,"type":"cond-expr","locations":[{"start":{"line":56,"column":14},"end":{"line":56,"column":55}},{"start":{"line":57,"column":14},"end":{"line":57,"column":43}}]},"6":{"line":61,"type":"switch","locations":[{"start":{"line":68,"column":4},"end":{"line":150,"column":14},"skip":true},{"start":{"line":156,"column":4},"end":{"line":324,"column":14},"skip":true}]},"7":{"line":70,"type":"if","locations":[{"start":{"line":70,"column":12},"end":{"line":70,"column":12},"skip":true},{"start":{"line":70,"column":12},"end":{"line":70,"column":12},"skip":true}]},"8":{"line":70,"type":"binary-expr","locations":[{"start":{"line":70,"column":16},"end":{"line":70,"column":22},"skip":true},{"start":{"line":70,"column":27},"end":{"line":70,"column":32},"skip":true},{"start":{"line":71,"column":20},"end":{"line":71,"column":39},"skip":true},{"start":{"line":72,"column":20},"end":{"line":72,"column":49},"skip":true},{"start":{"line":73,"column":20},"end":{"line":73,"column":58},"skip":true},{"start":{"line":74,"column":20},"end":{"line":74,"column":69},"skip":true}]},"9":{"line":79,"type":"switch","locations":[{"start":{"line":80,"column":20},"end":{"line":80,"column":33},"skip":true},{"start":{"line":81,"column":20},"end":{"line":83,"column":30},"skip":true},{"start":{"line":84,"column":20},"end":{"line":85,"column":49},"skip":true}]},"10":{"line":89,"type":"switch","locations":[{"start":{"line":90,"column":12},"end":{"line":103,"column":22},"skip":true},{"start":{"line":105,"column":12},"end":{"line":106,"column":22},"skip":true}]},"11":{"line":89,"type":"binary-expr","locations":[{"start":{"line":89,"column":20},"end":{"line":89,"column":25},"skip":true},{"start":{"line":89,"column":29},"end":{"line":89,"column":48},"skip":true},{"start":{"line":89,"column":52},"end":{"line":89,"column":74},"skip":true}]},"12":{"line":92,"type":"if","locations":[{"start":{"line":92,"column":16},"end":{"line":92,"column":16},"skip":true},{"start":{"line":92,"column":16},"end":{"line":92,"column":16},"skip":true}]},"13":{"line":108,"type":"if","locations":[{"start":{"line":108,"column":12},"end":{"line":108,"column":12},"skip":true},{"start":{"line":108,"column":12},"end":{"line":108,"column":12},"skip":true}]},"14":{"line":108,"type":"binary-expr","locations":[{"start":{"line":108,"column":16},"end":{"line":108,"column":61},"skip":true},{"start":{"line":108,"column":66},"end":{"line":108,"column":72},"skip":true},{"start":{"line":108,"column":77},"end":{"line":108,"column":82},"skip":true},{"start":{"line":109,"column":20},"end":{"line":109,"column":39},"skip":true},{"start":{"line":110,"column":20},"end":{"line":110,"column":49},"skip":true},{"start":{"line":111,"column":20},"end":{"line":111,"column":58},"skip":true},{"start":{"line":112,"column":20},"end":{"line":112,"column":68},"skip":true}]},"15":{"line":129,"type":"if","locations":[{"start":{"line":129,"column":16},"end":{"line":129,"column":16},"skip":true},{"start":{"line":129,"column":16},"end":{"line":129,"column":16},"skip":true}]},"16":{"line":134,"type":"cond-expr","locations":[{"start":{"line":135,"column":26},"end":{"line":135,"column":29},"skip":true},{"start":{"line":136,"column":26},"end":{"line":136,"column":54},"skip":true}]},"17":{"line":164,"type":"binary-expr","locations":[{"start":{"line":164,"column":27},"end":{"line":164,"column":43},"skip":true},{"start":{"line":164,"column":47},"end":{"line":164,"column":49},"skip":true}]},"18":{"line":258,"type":"if","locations":[{"start":{"line":258,"column":8},"end":{"line":258,"column":8},"skip":true},{"start":{"line":258,"column":8},"end":{"line":258,"column":8},"skip":true}]},"19":{"line":275,"type":"switch","locations":[{"start":{"line":276,"column":20},"end":{"line":277,"column":64},"skip":true},{"start":{"line":278,"column":20},"end":{"line":279,"column":40},"skip":true},{"start":{"line":280,"column":20},"end":{"line":281,"column":40},"skip":true},{"start":{"line":282,"column":20},"end":{"line":283,"column":39},"skip":true}]},"20":{"line":288,"type":"if","locations":[{"start":{"line":288,"column":8},"end":{"line":288,"column":8},"skip":true},{"start":{"line":288,"column":8},"end":{"line":288,"column":8},"skip":true}]},"21":{"line":288,"type":"binary-expr","locations":[{"start":{"line":288,"column":12},"end":{"line":288,"column":40},"skip":true},{"start":{"line":288,"column":44},"end":{"line":288,"column":67},"skip":true}]},"22":{"line":292,"type":"binary-expr","locations":[{"start":{"line":292,"column":12},"end":{"line":292,"column":50},"skip":true},{"start":{"line":293,"column":12},"end":{"line":293,"column":53},"skip":true}]},"23":{"line":297,"type":"binary-expr","locations":[{"start":{"line":297,"column":12},"end":{"line":297,"column":69},"skip":true},{"start":{"line":298,"column":12},"end":{"line":301,"column":36},"skip":true}]},"24":{"line":303,"type":"binary-expr","locations":[{"start":{"line":303,"column":43},"end":{"line":303,"column":75},"skip":true},{"start":{"line":303,"column":79},"end":{"line":303,"column":81},"skip":true}]},"25":{"line":306,"type":"if","locations":[{"start":{"line":306,"column":8},"end":{"line":306,"column":8},"skip":true},{"start":{"line":306,"column":8},"end":{"line":306,"column":8},"skip":true}]},"26":{"line":310,"type":"if","locations":[{"start":{"line":310,"column":8},"end":{"line":310,"column":8},"skip":true},{"start":{"line":310,"column":8},"end":{"line":310,"column":8},"skip":true}]},"27":{"line":313,"type":"binary-expr","locations":[{"start":{"line":313,"column":27},"end":{"line":313,"column":43},"skip":true},{"start":{"line":313,"column":47},"end":{"line":313,"column":53},"skip":true}]},"28":{"line":317,"type":"if","locations":[{"start":{"line":317,"column":12},"end":{"line":317,"column":12},"skip":true},{"start":{"line":317,"column":12},"end":{"line":317,"column":12},"skip":true}]}},"code":["/*","example.js","","quickstart example","","instruction","    1. save this script as example.js","    2. run the shell command:","        $ npm install npmtest-regenerator && PORT=8081 node example.js","    3. play with the browser-demo on http://127.0.0.1:8081","*/","","","","/* istanbul instrument in package npmtest_regenerator */","/*jslint","    bitwise: true,","    browser: true,","    maxerr: 8,","    maxlen: 96,","    node: true,","    nomen: true,","    regexp: true,","    stupid: true","*/","(function () {","    'use strict';","    var local;","","","","    // run shared js-env code - pre-init","    (function () {","        // init local","        local = {};","        // init modeJs","        local.modeJs = (function () {","            try {","                return typeof navigator.userAgent === 'string' &&","                    typeof document.querySelector('body') === 'object' &&","                    typeof XMLHttpRequest.prototype.open === 'function' &&","                    'browser';","            } catch (errorCaughtBrowser) {","                return module.exports &&","                    typeof process.versions.node === 'string' &&","                    typeof require('http').createServer === 'function' &&","                    'node';","            }","        }());","        // init global","        local.global = local.modeJs === 'browser'","            ? window","            : global;","        // init utility2_rollup","        local = local.global.utility2_rollup || (local.modeJs === 'browser'","            ? local.global.utility2_npmtest_regenerator","            : global.utility2_moduleExports);","        // export local","        local.global.local = local;","    }());","    switch (local.modeJs) {","","","","    // post-init","    // run browser js-env code - post-init","    /* istanbul ignore next */","    case 'browser':","        local.testRunBrowser = function (event) {","            if (!event || (event &&","                    event.currentTarget &&","                    event.currentTarget.className &&","                    event.currentTarget.className.includes &&","                    event.currentTarget.className.includes('onreset'))) {","                // reset output","                Array.from(","                    document.querySelectorAll('body > .resettable')","                ).forEach(function (element) {","                    switch (element.tagName) {","                    case 'INPUT':","                    case 'TEXTAREA':","                        element.value = '';","                        break;","                    default:","                        element.textContent = '';","                    }","                });","            }","            switch (event && event.currentTarget && event.currentTarget.id) {","            case 'testRunButton1':","                // show tests","                if (document.querySelector('#testReportDiv1').style.display === 'none') {","                    document.querySelector('#testReportDiv1').style.display = 'block';","                    document.querySelector('#testRunButton1').textContent =","                        'hide internal test';","                    local.modeTest = true;","                    local.testRunDefault(local);","                // hide tests","                } else {","                    document.querySelector('#testReportDiv1').style.display = 'none';","                    document.querySelector('#testRunButton1').textContent = 'run internal test';","                }","                break;","            // custom-case","            default:","                break;","            }","            if (document.querySelector('#inputTextareaEval1') && (!event || (event &&","                    event.currentTarget &&","                    event.currentTarget.className &&","                    event.currentTarget.className.includes &&","                    event.currentTarget.className.includes('oneval')))) {","                // try to eval input-code","                try {","                    /*jslint evil: true*/","                    eval(document.querySelector('#inputTextareaEval1').value);","                } catch (errorCaught) {","                    console.error(errorCaught);","                }","            }","        };","        // log stderr and stdout to #outputTextareaStdout1","        ['error', 'log'].forEach(function (key) {","            console[key + '_original'] = console[key];","            console[key] = function () {","                var element;","                console[key + '_original'].apply(console, arguments);","                element = document.querySelector('#outputTextareaStdout1');","                if (!element) {","                    return;","                }","                // append text to #outputTextareaStdout1","                element.value += Array.from(arguments).map(function (arg) {","                    return typeof arg === 'string'","                        ? arg","                        : JSON.stringify(arg, null, 4);","                }).join(' ') + '\\n';","                // scroll textarea to bottom","                element.scrollTop = element.scrollHeight;","            };","        });","        // init event-handling","        ['change', 'click', 'keyup'].forEach(function (event) {","            Array.from(document.querySelectorAll('.on' + event)).forEach(function (element) {","                element.addEventListener(event, local.testRunBrowser);","            });","        });","        // run tests","        local.testRunBrowser();","        break;","","","","    // run node js-env code - post-init","    /* istanbul ignore next */","    case 'node':","        // export local","        module.exports = local;","        // require modules","        local.fs = require('fs');","        local.http = require('http');","        local.url = require('url');","        // init assets","        local.assetsDict = local.assetsDict || {};","        /* jslint-ignore-begin */","        local.assetsDict['/assets.index.template.html'] = '\\","<!doctype html>\\n\\","<html lang=\"en\">\\n\\","<head>\\n\\","<meta charset=\"UTF-8\">\\n\\","<meta name=\"viewport\" content=\"width=device-width, initial-scale=1\">\\n\\","<title>{{env.npm_package_name}} (v{{env.npm_package_version}})</title>\\n\\","<style>\\n\\","/*csslint\\n\\","    box-sizing: false,\\n\\","    universal-selector: false\\n\\","*/\\n\\","* {\\n\\","    box-sizing: border-box;\\n\\","}\\n\\","body {\\n\\","    background: #dde;\\n\\","    font-family: Arial, Helvetica, sans-serif;\\n\\","    margin: 2rem;\\n\\","}\\n\\","body > * {\\n\\","    margin-bottom: 1rem;\\n\\","}\\n\\",".utility2FooterDiv {\\n\\","    margin-top: 20px;\\n\\","    text-align: center;\\n\\","}\\n\\","</style>\\n\\","<style>\\n\\","/*csslint\\n\\","*/\\n\\","textarea {\\n\\","    font-family: monospace;\\n\\","    height: 10rem;\\n\\","    width: 100%;\\n\\","}\\n\\","textarea[readonly] {\\n\\","    background: #ddd;\\n\\","}\\n\\","</style>\\n\\","</head>\\n\\","<body>\\n\\","<!-- utility2-comment\\n\\","<div id=\"ajaxProgressDiv1\" style=\"background: #d00; height: 2px; left: 0; margin: 0; padding: 0; position: fixed; top: 0; transition: background 0.5s, width 1.5s; width: 25%;\"></div>\\n\\","utility2-comment -->\\n\\","<h1>\\n\\","<!-- utility2-comment\\n\\","    <a\\n\\","        {{#if env.npm_package_homepage}}\\n\\","        href=\"{{env.npm_package_homepage}}\"\\n\\","        {{/if env.npm_package_homepage}}\\n\\","        target=\"_blank\"\\n\\","    >\\n\\","utility2-comment -->\\n\\","        {{env.npm_package_name}} (v{{env.npm_package_version}})\\n\\","<!-- utility2-comment\\n\\","    </a>\\n\\","utility2-comment -->\\n\\","</h1>\\n\\","<h3>{{env.npm_package_description}}</h3>\\n\\","<!-- utility2-comment\\n\\","<h4><a download href=\"assets.app.js\">download standalone app</a></h4>\\n\\","<button class=\"onclick onreset\" id=\"testRunButton1\">run internal test</button><br>\\n\\","<div id=\"testReportDiv1\" style=\"display: none;\"></div>\\n\\","utility2-comment -->\\n\\","\\n\\","\\n\\","\\n\\","<label>stderr and stdout</label>\\n\\","<textarea class=\"resettable\" id=\"outputTextareaStdout1\" readonly></textarea>\\n\\","<!-- utility2-comment\\n\\","{{#if isRollup}}\\n\\","<script src=\"assets.app.js\"></script>\\n\\","{{#unless isRollup}}\\n\\","utility2-comment -->\\n\\","<script src=\"assets.utility2.rollup.js\"></script>\\n\\","<script src=\"jsonp.utility2._stateInit?callback=window.utility2._stateInit\"></script>\\n\\","<script src=\"assets.npmtest_regenerator.rollup.js\"></script>\\n\\","<script src=\"assets.example.js\"></script>\\n\\","<script src=\"assets.test.js\"></script>\\n\\","<!-- utility2-comment\\n\\","{{/if isRollup}}\\n\\","utility2-comment -->\\n\\","<div class=\"utility2FooterDiv\">\\n\\","    [ this app was created with\\n\\","    <a href=\"https://github.com/kaizhu256/node-utility2\" target=\"_blank\">utility2</a>\\n\\","    ]\\n\\","</div>\\n\\","</body>\\n\\","</html>\\n\\","';","        /* jslint-ignore-end */","        if (local.templateRender) {","            local.assetsDict['/'] = local.templateRender(","                local.assetsDict['/assets.index.template.html'],","                {","                    env: local.objectSetDefault(local.env, {","                        npm_package_description: 'the greatest app in the world!',","                        npm_package_name: 'my-app',","                        npm_package_nameAlias: 'my_app',","                        npm_package_version: '0.0.1'","                    })","                }","            );","        } else {","            local.assetsDict['/'] = local.assetsDict['/assets.index.template.html']","                .replace((/\\{\\{env\\.(\\w+?)\\}\\}/g), function (match0, match1) {","                    // jslint-hack","                    String(match0);","                    switch (match1) {","                    case 'npm_package_description':","                        return 'the greatest app in the world!';","                    case 'npm_package_name':","                        return 'my-app';","                    case 'npm_package_nameAlias':","                        return 'my_app';","                    case 'npm_package_version':","                        return '0.0.1';","                    }","                });","        }","        // run the cli","        if (local.global.utility2_rollup || module !== require.main) {","            break;","        }","        local.assetsDict['/assets.example.js'] =","            local.assetsDict['/assets.example.js'] ||","            local.fs.readFileSync(__filename, 'utf8');","        // bug-workaround - long $npm_package_buildCustomOrg","        /* jslint-ignore-begin */","        local.assetsDict['/assets.npmtest_regenerator.rollup.js'] =","            local.assetsDict['/assets.npmtest_regenerator.rollup.js'] ||","            local.fs.readFileSync(","                local.npmtest_regenerator.__dirname + '/lib.npmtest_regenerator.js',","                'utf8'","            ).replace((/^#!/), '//');","        /* jslint-ignore-end */","        local.assetsDict['/favicon.ico'] = local.assetsDict['/favicon.ico'] || '';","        // if $npm_config_timeout_exit exists,","        // then exit this process after $npm_config_timeout_exit ms","        if (Number(process.env.npm_config_timeout_exit)) {","            setTimeout(process.exit, Number(process.env.npm_config_timeout_exit));","        }","        // start server","        if (local.global.utility2_serverHttp1) {","            break;","        }","        process.env.PORT = process.env.PORT || '8081';","        console.error('server starting on port ' + process.env.PORT);","        local.http.createServer(function (request, response) {","            request.urlParsed = local.url.parse(request.url);","            if (local.assetsDict[request.urlParsed.pathname] !== undefined) {","                response.end(local.assetsDict[request.urlParsed.pathname]);","                return;","            }","            response.statusCode = 404;","            response.end();","        }).listen(process.env.PORT);","        break;","    }","}());",""],"l":{"26":2,"28":2,"33":2,"35":2,"37":2,"38":2,"39":2,"44":1,"51":2,"55":2,"59":2,"61":2,"69":1,"70":2,"76":2,"79":2,"82":2,"83":2,"85":1,"89":2,"92":1,"93":1,"94":1,"96":1,"97":1,"100":1,"101":1,"103":1,"106":1,"108":2,"114":1,"116":1,"118":1,"123":1,"124":2,"125":2,"126":3,"127":3,"128":3,"129":3,"130":1,"133":3,"134":3,"139":3,"143":1,"144":3,"145":1,"149":1,"150":1,"158":1,"160":1,"161":1,"162":1,"164":1,"166":1,"258":1,"259":1,"271":1,"274":6,"275":6,"277":1,"279":2,"281":1,"283":2,"288":1,"289":1,"291":1,"296":1,"303":1,"306":1,"307":1,"310":1,"311":1,"313":1,"314":1,"315":1,"316":1,"317":1,"318":1,"319":1,"321":1,"322":1,"324":1}},"/home/travis/build/npmtest/node-npmtest-regenerator/node_modules/regenerator/main.js":{"path":"/home/travis/build/npmtest/node-npmtest-regenerator/node_modules/regenerator/main.js","s":{"1":1,"2":1,"3":1,"4":1,"5":1,"6":1,"7":0,"8":0,"9":1,"10":0,"11":1,"12":0,"13":0,"14":0,"15":0,"16":1,"17":1,"18":0,"19":1,"20":1,"21":1,"22":1,"23":0,"24":1,"25":1,"26":0,"27":0,"28":0,"29":0,"30":0,"31":0,"32":0,"33":0,"34":1,"35":1,"36":1},"b":{"1":[0,0],"2":[0,0],"3":[0,0],"4":[0,0]},"f":{"1":0,"2":0,"3":0,"4":0,"5":0,"6":0},"fnMap":{"1":{"name":"exports","line":17,"loc":{"start":{"line":17,"column":0},"end":{"line":17,"column":32}}},"2":{"name":"write","line":21,"loc":{"start":{"line":21,"column":2},"end":{"line":21,"column":22}}},"3":{"name":"end","line":25,"loc":{"start":{"line":25,"column":2},"end":{"line":25,"column":17}}},"4":{"name":"runtime","line":39,"loc":{"start":{"line":39,"column":0},"end":{"line":39,"column":19}}},"5":{"name":"getRuntimeCode","line":46,"loc":{"start":{"line":46,"column":0},"end":{"line":46,"column":26}}},"6":{"name":"compile","line":63,"loc":{"start":{"line":63,"column":0},"end":{"line":63,"column":34}}}},"statementMap":{"1":{"start":{"line":11,"column":0},"end":{"line":11,"column":23}},"2":{"start":{"line":12,"column":0},"end":{"line":12,"column":33}},"3":{"start":{"line":13,"column":0},"end":{"line":13,"column":49}},"4":{"start":{"line":14,"column":0},"end":{"line":14,"column":34}},"5":{"start":{"line":15,"column":0},"end":{"line":15,"column":51}},"6":{"start":{"line":17,"column":0},"end":{"line":31,"column":1}},"7":{"start":{"line":18,"column":2},"end":{"line":18,"column":16}},"8":{"start":{"line":19,"column":2},"end":{"line":19,"column":29}},"9":{"start":{"line":21,"column":2},"end":{"line":23,"column":3}},"10":{"start":{"line":22,"column":4},"end":{"line":22,"column":19}},"11":{"start":{"line":25,"column":2},"end":{"line":30,"column":3}},"12":{"start":{"line":26,"column":4},"end":{"line":29,"column":42}},"13":{"start":{"line":27,"column":6},"end":{"line":27,"column":55}},"14":{"start":{"line":28,"column":6},"end":{"line":28,"column":23}},"15":{"start":{"line":29,"column":18},"end":{"line":29,"column":40}},"16":{"start":{"line":35,"column":0},"end":{"line":35,"column":25}},"17":{"start":{"line":39,"column":0},"end":{"line":41,"column":1}},"18":{"start":{"line":40,"column":2},"end":{"line":40,"column":54}},"19":{"start":{"line":42,"column":0},"end":{"line":42,"column":26}},"20":{"start":{"line":43,"column":0},"end":{"line":43,"column":59}},"21":{"start":{"line":45,"column":0},"end":{"line":45,"column":22}},"22":{"start":{"line":46,"column":0},"end":{"line":49,"column":1}},"23":{"start":{"line":47,"column":2},"end":{"line":48,"column":64}},"24":{"start":{"line":51,"column":0},"end":{"line":61,"column":2}},"25":{"start":{"line":63,"column":0},"end":{"line":82,"column":1}},"26":{"start":{"line":64,"column":2},"end":{"line":64,"column":13}},"27":{"start":{"line":66,"column":2},"end":{"line":68,"column":5}},"28":{"start":{"line":71,"column":2},"end":{"line":75,"column":3}},"29":{"start":{"line":72,"column":4},"end":{"line":72,"column":71}},"30":{"start":{"line":74,"column":4},"end":{"line":74,"column":30}},"31":{"start":{"line":77,"column":2},"end":{"line":79,"column":3}},"32":{"start":{"line":78,"column":4},"end":{"line":78,"column":56}},"33":{"start":{"line":81,"column":2},"end":{"line":81,"column":16}},"34":{"start":{"line":86,"column":0},"end":{"line":86,"column":40}},"35":{"start":{"line":89,"column":0},"end":{"line":89,"column":26}},"36":{"start":{"line":92,"column":0},"end":{"line":92,"column":30}}},"branchMap":{"1":{"line":47,"type":"binary-expr","locations":[{"start":{"line":47,"column":9},"end":{"line":47,"column":26}},{"start":{"line":48,"column":5},"end":{"line":48,"column":62}}]},"2":{"line":66,"type":"binary-expr","locations":[{"start":{"line":66,"column":27},"end":{"line":66,"column":34}},{"start":{"line":66,"column":38},"end":{"line":66,"column":40}}]},"3":{"line":71,"type":"if","locations":[{"start":{"line":71,"column":2},"end":{"line":71,"column":2}},{"start":{"line":71,"column":2},"end":{"line":71,"column":2}}]},"4":{"line":77,"type":"if","locations":[{"start":{"line":77,"column":2},"end":{"line":77,"column":2}},{"start":{"line":77,"column":2},"end":{"line":77,"column":2}}]}},"code":["/**"," * Copyright (c) 2014, Facebook, Inc."," * All rights reserved."," *"," * This source code is licensed under the BSD-style license found in the"," * https://raw.github.com/facebook/regenerator/master/LICENSE file. An"," * additional grant of patent rights can be found in the PATENTS file in"," * the same directory."," */","","var fs = require(\"fs\");","var through = require(\"through\");","var transform = require(\"./lib/visit\").transform;","var utils = require(\"./lib/util\");","var genOrAsyncFunExp = /\\bfunction\\s*\\*|\\basync\\b/;","","function exports(file, options) {","  var data = [];","  return through(write, end);","","  function write(buf) {","    data.push(buf);","  }","","  function end() {","    try {","      this.queue(compile(data.join(\"\"), options).code);","      this.queue(null);","    } catch (e) { this.emit('error', e); }","  }","}","","// To get a writable stream for use as a browserify transform, call","// require(\"regenerator\")().","module.exports = exports;","","// To include the runtime globally in the current node process, call","// require(\"regenerator\").runtime().","function runtime() {","  regeneratorRuntime = require(\"regenerator-runtime\");","}","exports.runtime = runtime;","runtime.path = require(\"regenerator-runtime/path.js\").path;","","var cachedRuntimeCode;","function getRuntimeCode() {","  return cachedRuntimeCode ||","    (cachedRuntimeCode = fs.readFileSync(runtime.path, \"utf8\"));","}","","var transformOptions = {","  presets: [require(\"regenerator-preset\")],","  parserOpts: {","    sourceType: \"module\",","    allowImportExportEverywhere: true,","    allowReturnOutsideFunction: true,","    allowSuperOutsideMethod: true,","    strictMode: false,","    plugins: [\"*\", \"jsx\", \"flow\"]","  }","};","","function compile(source, options) {","  var result;","","  options = utils.defaults(options || {}, {","    includeRuntime: false","  });","","  // Shortcut: Transform only if generators or async functions present.","  if (genOrAsyncFunExp.test(source)) {","    result = require(\"babel-core\").transform(source, transformOptions);","  } else {","    result = { code: source };","  }","","  if (options.includeRuntime === true) {","    result.code = getRuntimeCode() + \"\\n\" + result.code;","  }","","  return result;","}","","// Allow packages that depend on Regenerator to use the same copy of","// ast-types, in case multiple versions are installed by NPM.","exports.types = require(\"recast\").types;","","// Transforms a string of source code, returning a { code, map? } result.","exports.compile = compile;","","// To modify an AST directly, call require(\"regenerator\").transform(ast).","exports.transform = transform;",""],"l":{"11":1,"12":1,"13":1,"14":1,"15":1,"17":1,"18":0,"19":0,"21":1,"22":0,"25":1,"26":0,"27":0,"28":0,"29":0,"35":1,"39":1,"40":0,"42":1,"43":1,"45":1,"46":1,"47":0,"51":1,"63":1,"64":0,"66":0,"71":0,"72":0,"74":0,"77":0,"78":0,"81":0,"86":1,"89":1,"92":1}},"/home/travis/build/npmtest/node-npmtest-regenerator/node_modules/regenerator/lib/visit.js":{"path":"/home/travis/build/npmtest/node-npmtest-regenerator/node_modules/regenerator/lib/visit.js","s":{"1":1,"2":1,"3":1,"4":1,"5":1,"6":0,"7":0,"8":0,"9":0,"10":0,"11":0,"12":1,"13":0,"14":0,"15":0,"16":0,"17":0,"18":0},"b":{"1":[0,0],"2":[0,0],"3":[0,0]},"f":{"1":0,"2":0},"fnMap":{"1":{"name":"transform","line":16,"loc":{"start":{"line":16,"column":20},"end":{"line":16,"column":54}}},"2":{"name":"injectRuntime","line":36,"loc":{"start":{"line":36,"column":0},"end":{"line":36,"column":32}}}},"statementMap":{"1":{"start":{"line":11,"column":0},"end":{"line":11,"column":31}},"2":{"start":{"line":12,"column":0},"end":{"line":12,"column":25}},"3":{"start":{"line":13,"column":0},"end":{"line":13,"column":25}},"4":{"start":{"line":14,"column":0},"end":{"line":14,"column":32}},"5":{"start":{"line":16,"column":0},"end":{"line":34,"column":2}},"6":{"start":{"line":17,"column":2},"end":{"line":19,"column":5}},"7":{"start":{"line":21,"column":2},"end":{"line":25,"column":5}},"8":{"start":{"line":27,"column":2},"end":{"line":27,"column":20}},"9":{"start":{"line":29,"column":2},"end":{"line":31,"column":3}},"10":{"start":{"line":30,"column":4},"end":{"line":30,"column":60}},"11":{"start":{"line":33,"column":2},"end":{"line":33,"column":14}},"12":{"start":{"line":36,"column":0},"end":{"line":49,"column":1}},"13":{"start":{"line":37,"column":2},"end":{"line":37,"column":28}},"14":{"start":{"line":41,"column":2},"end":{"line":41,"column":47}},"15":{"start":{"line":42,"column":2},"end":{"line":42,"column":53}},"16":{"start":{"line":43,"column":2},"end":{"line":45,"column":18}},"17":{"start":{"line":47,"column":2},"end":{"line":47,"column":26}},"18":{"start":{"line":48,"column":2},"end":{"line":48,"column":40}}},"branchMap":{"1":{"line":17,"type":"binary-expr","locations":[{"start":{"line":17,"column":26},"end":{"line":17,"column":33}},{"start":{"line":17,"column":37},"end":{"line":17,"column":39}}]},"2":{"line":29,"type":"if","locations":[{"start":{"line":29,"column":2},"end":{"line":29,"column":2}},{"start":{"line":29,"column":2},"end":{"line":29,"column":2}}]},"3":{"line":30,"type":"cond-expr","locations":[{"start":{"line":30,"column":39},"end":{"line":30,"column":51}},{"start":{"line":30,"column":54},"end":{"line":30,"column":58}}]}},"code":["/**"," * Copyright (c) 2014, Facebook, Inc."," * All rights reserved."," *"," * This source code is licensed under the BSD-style license found in the"," * https://raw.github.com/facebook/regenerator/master/LICENSE file. An"," * additional grant of patent rights can be found in the PATENTS file in"," * the same directory."," */","","var recast = require(\"recast\");","var types = recast.types;","var n = types.namedTypes;","var util = require(\"./util.js\");","","exports.transform = function transform(node, options) {","  options = util.defaults(options || {}, {","    includeRuntime: false","  });","","  var result = require(\"babel-core\").transformFromAst(node, null, {","    presets: [require(\"regenerator-preset\")],","    code: false,","    ast: true","  });","","  node = result.ast;","","  if (options.includeRuntime === true) {","    injectRuntime(n.File.check(node) ? node.program : node);","  }","","  return node;","};","","function injectRuntime(program) {","  n.Program.assert(program);","","  // Include the runtime by modifying the AST rather than by concatenating","  // strings. This technique will allow for more accurate source mapping.","  var runtimePath = require(\"..\").runtime.path;","  var runtime = fs.readFileSync(runtimePath, \"utf8\");","  var runtimeBody = recast.parse(runtime, {","    sourceFileName: runtimePath","  }).program.body;","","  var body = program.body;","  body.unshift.apply(body, runtimeBody);","}",""],"l":{"11":1,"12":1,"13":1,"14":1,"16":1,"17":0,"21":0,"27":0,"29":0,"30":0,"33":0,"36":1,"37":0,"41":0,"42":0,"43":0,"47":0,"48":0}},"/home/travis/build/npmtest/node-npmtest-regenerator/node_modules/regenerator/lib/util.js":{"path":"/home/travis/build/npmtest/node-npmtest-regenerator/node_modules/regenerator/lib/util.js","s":{"1":1,"2":1,"3":1,"4":1,"5":1,"6":1,"7":0,"8":0,"9":0,"10":0,"11":0,"12":0,"13":0,"14":0,"15":1,"16":0,"17":1,"18":0,"19":0,"20":0,"21":0,"22":0,"23":0,"24":0,"25":0,"26":0,"27":0,"28":0,"29":0,"30":0,"31":0,"32":0,"33":0,"34":0,"35":0,"36":0},"b":{"1":[0,0],"2":[0,0],"3":[0,0],"4":[0,0],"5":[0,0],"6":[0,0],"7":[0,0,0,0,0,0,0,0,0,0,0,0,0,0,0],"8":[0,0,0],"9":[0,0],"10":[0,0],"11":[0,0,0]},"f":{"1":0,"2":0,"3":0},"fnMap":{"1":{"name":"(anonymous_1)","line":17,"loc":{"start":{"line":17,"column":19},"end":{"line":17,"column":33}}},"2":{"name":"(anonymous_2)","line":34,"loc":{"start":{"line":34,"column":26},"end":{"line":34,"column":41}}},"3":{"name":"(anonymous_3)","line":44,"loc":{"start":{"line":44,"column":22},"end":{"line":44,"column":43}}}},"statementMap":{"1":{"start":{"line":11,"column":0},"end":{"line":11,"column":31}},"2":{"start":{"line":12,"column":0},"end":{"line":12,"column":36}},"3":{"start":{"line":13,"column":0},"end":{"line":13,"column":25}},"4":{"start":{"line":14,"column":0},"end":{"line":14,"column":23}},"5":{"start":{"line":15,"column":0},"end":{"line":15,"column":45}},"6":{"start":{"line":17,"column":0},"end":{"line":32,"column":2}},"7":{"start":{"line":18,"column":2},"end":{"line":18,"column":29}},"8":{"start":{"line":19,"column":2},"end":{"line":19,"column":16}},"9":{"start":{"line":21,"column":2},"end":{"line":29,"column":3}},"10":{"start":{"line":22,"column":4},"end":{"line":28,"column":5}},"11":{"start":{"line":23,"column":6},"end":{"line":27,"column":7}},"12":{"start":{"line":24,"column":8},"end":{"line":26,"column":9}},"13":{"start":{"line":25,"column":10},"end":{"line":25,"column":36}},"14":{"start":{"line":31,"column":2},"end":{"line":31,"column":13}},"15":{"start":{"line":34,"column":0},"end":{"line":40,"column":2}},"16":{"start":{"line":35,"column":2},"end":{"line":39,"column":4}},"17":{"start":{"line":44,"column":0},"end":{"line":101,"column":2}},"18":{"start":{"line":45,"column":2},"end":{"line":45,"column":24}},"19":{"start":{"line":47,"column":2},"end":{"line":49,"column":3}},"20":{"start":{"line":48,"column":4},"end":{"line":48,"column":17}},"21":{"start":{"line":51,"column":2},"end":{"line":53,"column":3}},"22":{"start":{"line":52,"column":4},"end":{"line":52,"column":17}},"23":{"start":{"line":55,"column":2},"end":{"line":55,"column":33}},"24":{"start":{"line":57,"column":2},"end":{"line":100,"column":3}},"25":{"start":{"line":59,"column":4},"end":{"line":59,"column":32}},"26":{"start":{"line":62,"column":4},"end":{"line":64,"column":6}},"27":{"start":{"line":69,"column":4},"end":{"line":71,"column":5}},"28":{"start":{"line":70,"column":6},"end":{"line":70,"column":19}},"29":{"start":{"line":73,"column":4},"end":{"line":77,"column":5}},"30":{"start":{"line":76,"column":6},"end":{"line":76,"column":19}},"31":{"start":{"line":79,"column":4},"end":{"line":79,"column":16}},"32":{"start":{"line":83,"column":4},"end":{"line":83,"column":30}},"33":{"start":{"line":86,"column":4},"end":{"line":86,"column":33}},"34":{"start":{"line":90,"column":4},"end":{"line":90,"column":31}},"35":{"start":{"line":96,"column":4},"end":{"line":96,"column":17}},"36":{"start":{"line":99,"column":4},"end":{"line":99,"column":16}}},"branchMap":{"1":{"line":22,"type":"if","locations":[{"start":{"line":22,"column":4},"end":{"line":22,"column":4}},{"start":{"line":22,"column":4},"end":{"line":22,"column":4}}]},"2":{"line":24,"type":"if","locations":[{"start":{"line":24,"column":8},"end":{"line":24,"column":8}},{"start":{"line":24,"column":8},"end":{"line":24,"column":8}}]},"3":{"line":24,"type":"binary-expr","locations":[{"start":{"line":24,"column":12},"end":{"line":24,"column":39}},{"start":{"line":24,"column":43},"end":{"line":24,"column":65}}]},"4":{"line":47,"type":"if","locations":[{"start":{"line":47,"column":2},"end":{"line":47,"column":2}},{"start":{"line":47,"column":2},"end":{"line":47,"column":2}}]},"5":{"line":51,"type":"if","locations":[{"start":{"line":51,"column":2},"end":{"line":51,"column":2}},{"start":{"line":51,"column":2},"end":{"line":51,"column":2}}]},"6":{"line":51,"type":"binary-expr","locations":[{"start":{"line":51,"column":6},"end":{"line":51,"column":10}},{"start":{"line":51,"column":14},"end":{"line":51,"column":32}}]},"7":{"line":57,"type":"switch","locations":[{"start":{"line":58,"column":2},"end":{"line":59,"column":32}},{"start":{"line":61,"column":2},"end":{"line":64,"column":6}},{"start":{"line":66,"column":2},"end":{"line":66,"column":28}},{"start":{"line":67,"column":2},"end":{"line":67,"column":29}},{"start":{"line":68,"column":2},"end":{"line":79,"column":16}},{"start":{"line":81,"column":2},"end":{"line":81,"column":26}},{"start":{"line":82,"column":2},"end":{"line":83,"column":30}},{"start":{"line":85,"column":2},"end":{"line":86,"column":33}},{"start":{"line":88,"column":2},"end":{"line":88,"column":18}},{"start":{"line":89,"column":2},"end":{"line":90,"column":31}},{"start":{"line":92,"column":2},"end":{"line":92,"column":25}},{"start":{"line":93,"column":2},"end":{"line":93,"column":32}},{"start":{"line":94,"column":2},"end":{"line":94,"column":34}},{"start":{"line":95,"column":2},"end":{"line":96,"column":17}},{"start":{"line":98,"column":2},"end":{"line":99,"column":16}}]},"8":{"line":62,"type":"binary-expr","locations":[{"start":{"line":62,"column":11},"end":{"line":62,"column":33}},{"start":{"line":63,"column":6},"end":{"line":63,"column":21}},{"start":{"line":63,"column":25},"end":{"line":63,"column":49}}]},"9":{"line":69,"type":"if","locations":[{"start":{"line":69,"column":4},"end":{"line":69,"column":4}},{"start":{"line":69,"column":4},"end":{"line":69,"column":4}}]},"10":{"line":73,"type":"if","locations":[{"start":{"line":73,"column":4},"end":{"line":73,"column":4}},{"start":{"line":73,"column":4},"end":{"line":73,"column":4}}]},"11":{"line":73,"type":"binary-expr","locations":[{"start":{"line":73,"column":8},"end":{"line":73,"column":41}},{"start":{"line":74,"column":8},"end":{"line":74,"column":47}},{"start":{"line":75,"column":8},"end":{"line":75,"column":41}}]}},"code":["/**"," * Copyright (c) 2014, Facebook, Inc."," * All rights reserved."," *"," * This source code is licensed under the BSD-style license found in the"," * https://raw.github.com/facebook/regenerator/master/LICENSE file. An"," * additional grant of patent rights can be found in the PATENTS file in"," * the same directory."," */","","var assert = require(\"assert\");","var types = require(\"recast\").types;","var n = types.namedTypes;","var b = types.builders;","var hasOwn = Object.prototype.hasOwnProperty;","","exports.defaults = function(obj) {","  var len = arguments.length;","  var extension;","","  for (var i = 1; i < len; ++i) {","    if ((extension = arguments[i])) {","      for (var key in extension) {","        if (hasOwn.call(extension, key) && !hasOwn.call(obj, key)) {","          obj[key] = extension[key];","        }","      }","    }","  }","","  return obj;","};","","exports.runtimeProperty = function(name) {","  return b.memberExpression(","    b.identifier(\"regeneratorRuntime\"),","    b.identifier(name),","    false","  );","};","","// Inspired by the isReference function from ast-util:","// https://github.com/eventualbuddha/ast-util/blob/9bf91c5ce8/lib/index.js#L466-L506","exports.isReference = function(path, name) {","  var node = path.value;","","  if (!n.Identifier.check(node)) {","    return false;","  }","","  if (name && node.name !== name) {","    return false;","  }","","  var parent = path.parent.value;","","  switch (parent.type) {","  case \"VariableDeclarator\":","    return path.name === \"init\";","","  case \"MemberExpression\":","    return path.name === \"object\" || (","      parent.computed && path.name === \"property\"","    );","","  case \"FunctionExpression\":","  case \"FunctionDeclaration\":","  case \"ArrowFunctionExpression\":","    if (path.name === \"id\") {","      return false;","    }","","    if (path.parentPath.name === \"params\" &&","        parent.params === path.parentPath.value &&","        parent.params[path.name] === node) {","      return false;","    }","","    return true;","","  case \"ClassDeclaration\":","  case \"ClassExpression\":","    return path.name !== \"id\";","","  case \"CatchClause\":","    return path.name !== \"param\";","","  case \"Property\":","  case \"MethodDefinition\":","    return path.name !== \"key\";","","  case \"ImportSpecifier\":","  case \"ImportDefaultSpecifier\":","  case \"ImportNamespaceSpecifier\":","  case \"LabeledStatement\":","    return false;","","  default:","    return true;","  }","};",""],"l":{"11":1,"12":1,"13":1,"14":1,"15":1,"17":1,"18":0,"19":0,"21":0,"22":0,"23":0,"24":0,"25":0,"31":0,"34":1,"35":0,"44":1,"45":0,"47":0,"48":0,"51":0,"52":0,"55":0,"57":0,"59":0,"62":0,"69":0,"70":0,"73":0,"76":0,"79":0,"83":0,"86":0,"90":0,"96":0,"99":0}},"/home/travis/build/npmtest/node-npmtest-regenerator/node_modules/regenerator-runtime/path.js":{"path":"/home/travis/build/npmtest/node-npmtest-regenerator/node_modules/regenerator-runtime/path.js","s":{"1":1},"b":{},"f":{},"fnMap":{},"statementMap":{"1":{"start":{"line":1,"column":0},"end":{"line":4,"column":2}}},"branchMap":{},"code":["exports.path = require(\"path\").join(","  __dirname,","  \"runtime.js\"",");",""],"l":{"1":1}},"/home/travis/build/npmtest/node-npmtest-regenerator/node_modules/regenerator-preset/index.js":{"path":"/home/travis/build/npmtest/node-npmtest-regenerator/node_modules/regenerator-preset/index.js","s":{"1":1},"b":{},"f":{},"fnMap":{},"statementMap":{"1":{"start":{"line":1,"column":0},"end":{"line":11,"column":2}}},"branchMap":{},"code":["module.exports = {","  plugins: [","    require(\"babel-plugin-syntax-async-functions\"),","    require(\"babel-plugin-syntax-async-generators\"),","    require(\"babel-plugin-transform-es2015-classes\"),","    require(\"babel-plugin-transform-es2015-arrow-functions\"),","    require(\"babel-plugin-transform-es2015-block-scoping\"),","    require(\"babel-plugin-transform-es2015-for-of\"),","    require(\"regenerator-transform\").default","  ]","};",""],"l":{"1":1}},"/home/travis/build/npmtest/node-npmtest-regenerator/node_modules/regenerator-transform/lib/index.js":{"path":"/home/travis/build/npmtest/node-npmtest-regenerator/node_modules/regenerator-transform/lib/index.js","s":{"1":1,"2":1,"3":0},"b":{},"f":{"1":0},"fnMap":{"1":{"name":"(anonymous_1)","line":5,"loc":{"start":{"line":5,"column":18},"end":{"line":5,"column":30}}}},"statementMap":{"1":{"start":{"line":3,"column":0},"end":{"line":3,"column":26}},"2":{"start":{"line":5,"column":0},"end":{"line":7,"column":2}},"3":{"start":{"line":6,"column":2},"end":{"line":6,"column":28}}},"branchMap":{},"code":["\"use strict\";","","exports.__esModule = true;","","exports.default = function () {","  return require(\"./visit\");","};"],"l":{"3":1,"5":1,"6":0}},"/home/travis/build/npmtest/node-npmtest-regenerator/node_modules/regenerator/runtime.js":{"path":"/home/travis/build/npmtest/node-npmtest-regenerator/node_modules/regenerator/runtime.js","s":{"1":1,"2":1},"b":{},"f":{},"fnMap":{},"statementMap":{"1":{"start":{"line":1,"column":0},"end":{"line":4,"column":2}},"2":{"start":{"line":6,"column":0},"end":{"line":6,"column":56}}},"branchMap":{},"code":["console.warn(","  \"The regenerator/runtime module is deprecated; \" +","    \"please import regenerator-runtime/runtime instead.\"",");","","module.exports = require(\"regenerator-runtime/runtime\");",""],"l":{"1":1,"6":1}},"/home/travis/build/npmtest/node-npmtest-regenerator/node_modules/regenerator-runtime/runtime.js":{"path":"/home/travis/build/npmtest/node-npmtest-regenerator/node_modules/regenerator-runtime/runtime.js","s":{"1":1,"2":1,"3":1,"4":1,"5":1,"6":1,"7":1,"8":1,"9":1,"10":1,"11":0,"12":0,"13":0,"14":1,"15":1,"16":0,"17":0,"18":0,"19":0,"20":0,"21":1,"22":1,"23":0,"24":0,"25":0,"26":1,"27":1,"28":1,"29":1,"30":1,"31":1,"32":1,"33":1,"34":1,"35":1,"36":0,"37":1,"38":1,"39":1,"40":1,"41":1,"42":1,"43":1,"44":1,"45":1,"46":2,"47":6,"48":0,"49":1,"50":0,"51":0,"52":1,"53":0,"54":0,"55":0,"56":0,"57":0,"58":0,"59":0,"60":1,"61":0,"62":1,"63":1,"64":0,"65":0,"66":0,"67":0,"68":0,"69":0,"70":0,"71":0,"72":0,"73":0,"74":0,"75":0,"76":0,"77":0,"78":0,"79":1,"80":1,"81":0,"82":0,"83":0,"84":0,"85":1,"86":1,"87":1,"88":0,"89":0,"90":0,"91":1,"92":0,"93":0,"94":0,"95":0,"96":0,"97":0,"98":0,"99":0,"100":0,"101":0,"102":0,"103":0,"104":0,"105":0,"106":0,"107":0,"108":0,"109":0,"110":0,"111":0,"112":0,"113":0,"114":0,"115":0,"116":0,"117":0,"118":0,"119":0,"120":0,"121":0,"122":0,"123":0,"124":0,"125":0,"126":0,"127":0,"128":0,"129":0,"130":1,"131":0,"132":0,"133":0,"134":0,"135":0,"136":0,"137":0,"138":0,"139":0,"140":0,"141":0,"142":0,"143":0,"144":0,"145":0,"146":0,"147":0,"148":0,"149":0,"150":0,"151":0,"152":0,"153":0,"154":0,"155":0,"156":0,"157":0,"158":0,"159":0,"160":0,"161":0,"162":0,"163":0,"164":0,"165":1,"166":1,"167":1,"168":0,"169":1,"170":0,"171":0,"172":0,"173":0,"174":0,"175":0,"176":0,"177":1,"178":0,"179":0,"180":0,"181":0,"182":1,"183":0,"184":0,"185":0,"186":1,"187":0,"188":0,"189":0,"190":0,"191":0,"192":0,"193":0,"194":0,"195":0,"196":0,"197":0,"198":0,"199":0,"200":1,"201":1,"202":1,"203":1,"204":1,"205":0,"206":0,"207":0,"208":0,"209":0,"210":0,"211":0,"212":0,"213":0,"214":0,"215":0,"216":0,"217":0,"218":0,"219":1,"220":1,"221":0,"222":1,"223":0,"224":0,"225":0,"226":0,"227":0,"228":0,"229":0,"230":0,"231":0,"232":0,"233":0,"234":0,"235":0,"236":0,"237":0,"238":0,"239":0,"240":0,"241":0,"242":0,"243":0,"244":1,"245":0,"246":0,"247":0,"248":0,"249":0,"250":0,"251":0,"252":0,"253":0,"254":0,"255":0,"256":0,"257":0,"258":0,"259":0,"260":0,"261":0,"262":0,"263":0,"264":0,"265":0,"266":0,"267":0,"268":0,"269":0,"270":0,"271":0,"272":0,"273":0,"274":0,"275":0,"276":0,"277":0,"278":0,"279":0,"280":0,"281":0,"282":0,"283":0,"284":0,"285":0,"286":0,"287":0,"288":0,"289":0,"290":0,"291":0,"292":0,"293":0,"294":0,"295":0,"296":0,"297":0,"298":0,"299":0,"300":0,"301":0,"302":0,"303":0,"304":0,"305":0,"306":0,"307":0,"308":0,"309":0,"310":0,"311":0,"312":0,"313":0,"314":0,"315":0,"316":0},"b":{"1":[1,0],"2":[1,0],"3":[1,0],"4":[0,1],"5":[0,0],"6":[1,0],"7":[0,0],"8":[0,0],"9":[0,0],"10":[1,1],"11":[1,0],"12":[1,1,1],"13":[0,0],"14":[0,0],"15":[0,0],"16":[0,0],"17":[0,0],"18":[0,0],"19":[0,0],"20":[0,0],"21":[0,0,0],"22":[0,0],"23":[0,0],"24":[0,0],"25":[0,0],"26":[0,0],"27":[0,0],"28":[0,0],"29":[0,0],"30":[0,0],"31":[0,0],"32":[0,0],"33":[0,0],"34":[0,0],"35":[0,0],"36":[0,0],"37":[0,0],"38":[0,0],"39":[0,0],"40":[0,0],"41":[0,0],"42":[0,0],"43":[0,0],"44":[0,0],"45":[0,0],"46":[0,0],"47":[0,0],"48":[0,0],"49":[0,0],"50":[0,0],"51":[0,0],"52":[0,0],"53":[1,0],"54":[1,0],"55":[0,0],"56":[0,0],"57":[0,0],"58":[0,0],"59":[0,0],"60":[0,0,0],"61":[0,0],"62":[0,0],"63":[0,0],"64":[0,0],"65":[0,0],"66":[0,0],"67":[0,0],"68":[0,0],"69":[0,0],"70":[0,0],"71":[0,0],"72":[0,0],"73":[0,0],"74":[0,0],"75":[0,0,0],"76":[0,0],"77":[0,0,0,0,0],"78":[0,0],"79":[0,0],"80":[0,0],"81":[0,0],"82":[0,0],"83":[0,0],"84":[0,0],"85":[0,0],"86":[0,0],"87":[0,0],"88":[0,0],"89":[0,0],"90":[1,0],"91":[0,0],"92":[0,0]},"f":{"1":1,"2":0,"3":0,"4":0,"5":0,"6":0,"7":0,"8":2,"9":6,"10":0,"11":0,"12":0,"13":0,"14":0,"15":0,"16":0,"17":0,"18":0,"19":0,"20":0,"21":0,"22":0,"23":0,"24":0,"25":0,"26":0,"27":0,"28":0,"29":0,"30":0,"31":0,"32":0,"33":1,"34":0,"35":0,"36":0,"37":0,"38":0,"39":0,"40":0,"41":0,"42":0,"43":0,"44":0},"fnMap":{"1":{"name":"(anonymous_1)","line":11,"loc":{"start":{"line":11,"column":2},"end":{"line":11,"column":19}}},"2":{"name":"wrap","line":38,"loc":{"start":{"line":38,"column":2},"end":{"line":38,"column":53}}},"3":{"name":"tryCatch","line":62,"loc":{"start":{"line":62,"column":2},"end":{"line":62,"column":34}}},"4":{"name":"Generator","line":83,"loc":{"start":{"line":83,"column":2},"end":{"line":83,"column":23}}},"5":{"name":"GeneratorFunction","line":84,"loc":{"start":{"line":84,"column":2},"end":{"line":84,"column":31}}},"6":{"name":"GeneratorFunctionPrototype","line":85,"loc":{"start":{"line":85,"column":2},"end":{"line":85,"column":40}}},"7":{"name":"(anonymous_7)","line":90,"loc":{"start":{"line":90,"column":38},"end":{"line":90,"column":50}}},"8":{"name":"defineIteratorMethods","line":113,"loc":{"start":{"line":113,"column":2},"end":{"line":113,"column":44}}},"9":{"name":"(anonymous_9)","line":114,"loc":{"start":{"line":114,"column":40},"end":{"line":114,"column":57}}},"10":{"name":"(anonymous_10)","line":115,"loc":{"start":{"line":115,"column":26},"end":{"line":115,"column":40}}},"11":{"name":"(anonymous_11)","line":121,"loc":{"start":{"line":121,"column":32},"end":{"line":121,"column":49}}},"12":{"name":"(anonymous_12)","line":131,"loc":{"start":{"line":131,"column":17},"end":{"line":131,"column":34}}},"13":{"name":"(anonymous_13)","line":148,"loc":{"start":{"line":148,"column":18},"end":{"line":148,"column":32}}},"14":{"name":"AsyncIterator","line":152,"loc":{"start":{"line":152,"column":2},"end":{"line":152,"column":36}}},"15":{"name":"invoke","line":153,"loc":{"start":{"line":153,"column":4},"end":{"line":153,"column":50}}},"16":{"name":"(anonymous_16)","line":163,"loc":{"start":{"line":163,"column":53},"end":{"line":163,"column":69}}},"17":{"name":"(anonymous_17)","line":165,"loc":{"start":{"line":165,"column":13},"end":{"line":165,"column":27}}},"18":{"name":"(anonymous_18)","line":170,"loc":{"start":{"line":170,"column":43},"end":{"line":170,"column":63}}},"19":{"name":"enqueue","line":198,"loc":{"start":{"line":198,"column":4},"end":{"line":198,"column":34}}},"20":{"name":"callInvokeWithMethodAndArg","line":199,"loc":{"start":{"line":199,"column":6},"end":{"line":199,"column":44}}},"21":{"name":"(anonymous_21)","line":200,"loc":{"start":{"line":200,"column":27},"end":{"line":200,"column":53}}},"22":{"name":"(anonymous_22)","line":237,"loc":{"start":{"line":237,"column":18},"end":{"line":237,"column":64}}},"23":{"name":"(anonymous_23)","line":244,"loc":{"start":{"line":244,"column":25},"end":{"line":244,"column":42}}},"24":{"name":"makeInvokeMethod","line":249,"loc":{"start":{"line":249,"column":2},"end":{"line":249,"column":52}}},"25":{"name":"invoke","line":252,"loc":{"start":{"line":252,"column":11},"end":{"line":252,"column":40}}},"26":{"name":"maybeInvokeDelegate","line":331,"loc":{"start":{"line":331,"column":2},"end":{"line":331,"column":50}}},"27":{"name":"(anonymous_27)","line":415,"loc":{"start":{"line":415,"column":16},"end":{"line":415,"column":27}}},"28":{"name":"pushTry
[...]
lse if (context.method === \"throw\") {","          if (state === GenStateSuspendedStart) {","            state = GenStateCompleted;","            throw context.arg;","          }","","          context.dispatchException(context.arg);","","        } else if (context.method === \"return\") {","          context.abrupt(\"return\", context.arg);","        }","","        state = GenStateExecuting;","","        var record = tryCatch(innerFn, self, context);","        if (record.type === \"normal\") {","          // If an exception is thrown from innerFn, we leave state ===","          // GenStateExecuting and loop back for another invocation.","          state = context.done","            ? GenStateCompleted","            : GenStateSuspendedYield;","","          if (record.arg === ContinueSentinel) {","            continue;","          }","","          return {","            value: record.arg,","            done: context.done","          };","","        } else if (record.type === \"throw\") {","          state = GenStateCompleted;","          // Dispatch the exception by looping back around to the","          // context.dispatchException(context.arg) call above.","          context.method = \"throw\";","          context.arg = record.arg;","        }","      }","    };","  }","","  // Call delegate.iterator[context.method](context.arg) and handle the","  // result, either by returning a { value, done } result from the","  // delegate iterator, or by modifying context.method and context.arg,","  // setting context.delegate to null, and returning the ContinueSentinel.","  function maybeInvokeDelegate(delegate, context) {","    var method = delegate.iterator[context.method];","    if (method === undefined) {","      // A .throw or .return when the delegate iterator has no .throw","      // method always terminates the yield* loop.","      context.delegate = null;","","      if (context.method === \"throw\") {","        if (delegate.iterator.return) {","          // If the delegate iterator has a return method, give it a","          // chance to clean up.","          context.method = \"return\";","          context.arg = undefined;","          maybeInvokeDelegate(delegate, context);","","          if (context.method === \"throw\") {","            // If maybeInvokeDelegate(context) changed context.method from","            // \"return\" to \"throw\", let that override the TypeError below.","            return ContinueSentinel;","          }","        }","","        context.method = \"throw\";","        context.arg = new TypeError(","          \"The iterator does not provide a 'throw' method\");","      }","","      return ContinueSentinel;","    }","","    var record = tryCatch(method, delegate.iterator, context.arg);","","    if (record.type === \"throw\") {","      context.method = \"throw\";","      context.arg = record.arg;","      context.delegate = null;","      return ContinueSentinel;","    }","","    var info = record.arg;","","    if (! info) {","      context.method = \"throw\";","      context.arg = new TypeError(\"iterator result is not an object\");","      context.delegate = null;","      return ContinueSentinel;","    }","","    if (info.done) {","      // Assign the result of the finished delegate to the temporary","      // variable specified by delegate.resultName (see delegateYield).","      context[delegate.resultName] = info.value;","","      // Resume execution at the desired location (see delegateYield).","      context.next = delegate.nextLoc;","","      // If context.method was \"throw\" but the delegate handled the","      // exception, let the outer generator proceed normally. If","      // context.method was \"next\", forget context.arg since it has been","      // \"consumed\" by the delegate iterator. If context.method was","      // \"return\", allow the original .return call to continue in the","      // outer generator.","      if (context.method !== \"return\") {","        context.method = \"next\";","        context.arg = undefined;","      }","","    } else {","      // Re-yield the result returned by the delegate method.","      return info;","    }","","    // The delegate iterator is finished, so forget it and continue with","    // the outer generator.","    context.delegate = null;","    return ContinueSentinel;","  }","","  // Define Generator.prototype.{next,throw,return} in terms of the","  // unified ._invoke helper method.","  defineIteratorMethods(Gp);","","  Gp[toStringTagSymbol] = \"Generator\";","","  Gp.toString = function() {","    return \"[object Generator]\";","  };","","  function pushTryEntry(locs) {","    var entry = { tryLoc: locs[0] };","","    if (1 in locs) {","      entry.catchLoc = locs[1];","    }","","    if (2 in locs) {","      entry.finallyLoc = locs[2];","      entry.afterLoc = locs[3];","    }","","    this.tryEntries.push(entry);","  }","","  function resetTryEntry(entry) {","    var record = entry.completion || {};","    record.type = \"normal\";","    delete record.arg;","    entry.completion = record;","  }","","  function Context(tryLocsList) {","    // The root entry object (effectively a try statement without a catch","    // or a finally block) gives us a place to store values thrown from","    // locations where there is no enclosing try statement.","    this.tryEntries = [{ tryLoc: \"root\" }];","    tryLocsList.forEach(pushTryEntry, this);","    this.reset(true);","  }","","  runtime.keys = function(object) {","    var keys = [];","    for (var key in object) {","      keys.push(key);","    }","    keys.reverse();","","    // Rather than returning an object with a next method, we keep","    // things simple and return the next function itself.","    return function next() {","      while (keys.length) {","        var key = keys.pop();","        if (key in object) {","          next.value = key;","          next.done = false;","          return next;","        }","      }","","      // To avoid creating an additional object, we just hang the .value","      // and .done properties off the next function object itself. This","      // also ensures that the minifier will not anonymize the function.","      next.done = true;","      return next;","    };","  };","","  function values(iterable) {","    if (iterable) {","      var iteratorMethod = iterable[iteratorSymbol];","      if (iteratorMethod) {","        return iteratorMethod.call(iterable);","      }","","      if (typeof iterable.next === \"function\") {","        return iterable;","      }","","      if (!isNaN(iterable.length)) {","        var i = -1, next = function next() {","          while (++i < iterable.length) {","            if (hasOwn.call(iterable, i)) {","              next.value = iterable[i];","              next.done = false;","              return next;","            }","          }","","          next.value = undefined;","          next.done = true;","","          return next;","        };","","        return next.next = next;","      }","    }","","    // Return an iterator with no values.","    return { next: doneResult };","  }","  runtime.values = values;","","  function doneResult() {","    return { value: undefined, done: true };","  }","","  Context.prototype = {","    constructor: Context,","","    reset: function(skipTempReset) {","      this.prev = 0;","      this.next = 0;","      // Resetting context._sent for legacy support of Babel's","      // function.sent implementation.","      this.sent = this._sent = undefined;","      this.done = false;","      this.delegate = null;","","      this.method = \"next\";","      this.arg = undefined;","","      this.tryEntries.forEach(resetTryEntry);","","      if (!skipTempReset) {","        for (var name in this) {","          // Not sure about the optimal order of these conditions:","          if (name.charAt(0) === \"t\" &&","              hasOwn.call(this, name) &&","              !isNaN(+name.slice(1))) {","            this[name] = undefined;","          }","        }","      }","    },","","    stop: function() {","      this.done = true;","","      var rootEntry = this.tryEntries[0];","      var rootRecord = rootEntry.completion;","      if (rootRecord.type === \"throw\") {","        throw rootRecord.arg;","      }","","      return this.rval;","    },","","    dispatchException: function(exception) {","      if (this.done) {","        throw exception;","      }","","      var context = this;","      function handle(loc, caught) {","        record.type = \"throw\";","        record.arg = exception;","        context.next = loc;","","        if (caught) {","          // If the dispatched exception was caught by a catch block,","          // then let that catch block handle the exception normally.","          context.method = \"next\";","          context.arg = undefined;","        }","","        return !! caught;","      }","","      for (var i = this.tryEntries.length - 1; i >= 0; --i) {","        var entry = this.tryEntries[i];","        var record = entry.completion;","","        if (entry.tryLoc === \"root\") {","          // Exception thrown outside of any try block that could handle","          // it, so set the completion value of the entire function to","          // throw the exception.","          return handle(\"end\");","        }","","        if (entry.tryLoc <= this.prev) {","          var hasCatch = hasOwn.call(entry, \"catchLoc\");","          var hasFinally = hasOwn.call(entry, \"finallyLoc\");","","          if (hasCatch && hasFinally) {","            if (this.prev < entry.catchLoc) {","              return handle(entry.catchLoc, true);","            } else if (this.prev < entry.finallyLoc) {","              return handle(entry.finallyLoc);","            }","","          } else if (hasCatch) {","            if (this.prev < entry.catchLoc) {","              return handle(entry.catchLoc, true);","            }","","          } else if (hasFinally) {","            if (this.prev < entry.finallyLoc) {","              return handle(entry.finallyLoc);","            }","","          } else {","            throw new Error(\"try statement without catch or finally\");","          }","        }","      }","    },","","    abrupt: function(type, arg) {","      for (var i = this.tryEntries.length - 1; i >= 0; --i) {","        var entry = this.tryEntries[i];","        if (entry.tryLoc <= this.prev &&","            hasOwn.call(entry, \"finallyLoc\") &&","            this.prev < entry.finallyLoc) {","          var finallyEntry = entry;","          break;","        }","      }","","      if (finallyEntry &&","          (type === \"break\" ||","           type === \"continue\") &&","          finallyEntry.tryLoc <= arg &&","          arg <= finallyEntry.finallyLoc) {","        // Ignore the finally entry if control is not jumping to a","        // location outside the try/catch block.","        finallyEntry = null;","      }","","      var record = finallyEntry ? finallyEntry.completion : {};","      record.type = type;","      record.arg = arg;","","      if (finallyEntry) {","        this.method = \"next\";","        this.next = finallyEntry.finallyLoc;","        return ContinueSentinel;","      }","","      return this.complete(record);","    },","","    complete: function(record, afterLoc) {","      if (record.type === \"throw\") {","        throw record.arg;","      }","","      if (record.type === \"break\" ||","          record.type === \"continue\") {","        this.next = record.arg;","      } else if (record.type === \"return\") {","        this.rval = this.arg = record.arg;","        this.method = \"return\";","        this.next = \"end\";","      } else if (record.type === \"normal\" && afterLoc) {","        this.next = afterLoc;","      }","","      return ContinueSentinel;","    },","","    finish: function(finallyLoc) {","      for (var i = this.tryEntries.length - 1; i >= 0; --i) {","        var entry = this.tryEntries[i];","        if (entry.finallyLoc === finallyLoc) {","          this.complete(entry.completion, entry.afterLoc);","          resetTryEntry(entry);","          return ContinueSentinel;","        }","      }","    },","","    \"catch\": function(tryLoc) {","      for (var i = this.tryEntries.length - 1; i >= 0; --i) {","        var entry = this.tryEntries[i];","        if (entry.tryLoc === tryLoc) {","          var record = entry.completion;","          if (record.type === \"throw\") {","            var thrown = record.arg;","            resetTryEntry(entry);","          }","          return thrown;","        }","      }","","      // The context.catch method must only be called with a location","      // argument that corresponds to a known catch block.","      throw new Error(\"illegal catch attempt\");","    },","","    delegateYield: function(iterable, resultName, nextLoc) {","      this.delegate = {","        iterator: values(iterable),","        resultName: resultName,","        nextLoc: nextLoc","      };","","      if (this.method === \"next\") {","        // Deliberately forget the last sent value so that we don't","        // accidentally pass it on to the delegate.","        this.arg = undefined;","      }","","      return ContinueSentinel;","    }","  };","})(","  // Among the various tricks for obtaining a reference to the global","  // object, this seems to be the most reliable technique that does not","  // use indirect eval (which violates Content Security Policy).","  typeof global === \"object\" ? global :","  typeof window === \"object\" ? window :","  typeof self === \"object\" ? self : this",");",""],"l":{"11":1,"14":1,"15":1,"16":1,"17":1,"18":1,"19":1,"21":1,"22":1,"23":1,"24":0,"27":0,"31":0,"36":1,"38":1,"40":0,"41":0,"42":0,"46":0,"48":0,"50":1,"62":1,"63":0,"64":0,"66":0,"70":1,"71":1,"72":1,"73":1,"77":1,"83":1,"84":1,"85":1,"89":1,"90":1,"91":0,"94":1,"95":1,"96":1,"101":1,"104":1,"106":1,"107":1,"108":1,"113":1,"114":2,"115":6,"116":0,"121":1,"122":0,"123":0,"131":1,"132":0,"133":0,"135":0,"136":0,"137":0,"140":0,"141":0,"148":1,"149":0,"152":1,"153":1,"154":0,"155":0,"156":0,"158":0,"159":0,"160":0,"163":0,"164":0,"166":0,"170":0,"186":0,"187":0,"192":0,"193":0,"196":0,"198":1,"199":1,"200":0,"201":0,"205":0,"228":0,"231":1,"232":1,"237":1,"238":0,"242":0,"245":0,"249":1,"250":0,"252":0,"253":0,"254":0,"257":0,"258":0,"259":0,"264":0,"267":0,"268":0,"270":0,"271":0,"272":0,"273":0,"274":0,"275":0,"276":0,"280":0,"283":0,"285":0,"286":0,"287":0,"288":0,"291":0,"293":0,"294":0,"297":0,"299":0,"300":0,"303":0,"307":0,"308":0,"311":0,"316":0,"317":0,"320":0,"321":0,"331":1,"332":0,"333":0,"336":0,"338":0,"339":0,"342":0,"343":0,"344":0,"346":0,"349":0,"353":0,"354":0,"358":0,"361":0,"363":0,"364":0,"365":0,"366":0,"367":0,"370":0,"372":0,"373":0,"374":0,"375":0,"376":0,"379":0,"382":0,"385":0,"393":0,"394":0,"395":0,"400":0,"405":0,"406":0,"411":1,"413":1,"415":1,"416":0,"419":1,"420":0,"422":0,"423":0,"426":0,"427":0,"428":0,"431":0,"434":1,"435":0,"436":0,"437":0,"438":0,"441":1,"445":0,"446":0,"447":0,"450":1,"451":0,"452":0,"453":0,"455":0,"459":0,"460":0,"461":0,"462":0,"463":0,"464":0,"465":0,"472":0,"473":0,"477":1,"478":1,"479":1,"480":1,"481":1,"484":0,"485":0,"488":0,"489":0,"490":0,"491":0,"492":0,"493":0,"494":0,"498":0,"499":0,"501":0,"504":0,"509":0,"511":1,"513":1,"514":0,"517":1,"521":0,"522":0,"525":0,"526":0,"527":0,"529":0,"530":0,"532":0,"534":0,"535":0,"537":0,"540":0,"547":0,"549":0,"550":0,"551":0,"552":0,"555":0,"559":0,"560":0,"563":0,"564":1,"565":0,"566":0,"567":0,"569":0,"572":0,"573":0,"576":0,"579":0,"580":0,"581":0,"583":0,"587":0,"590":0,"591":0,"592":0,"594":0,"595":0,"596":0,"597":0,"598":0,"601":0,"602":0,"603":0,"606":0,"607":0,"608":0,"612":0,"619":0,"620":0,"621":0,"624":0,"625":0,"629":0,"636":0,"639":0,"640":0,"641":0,"643":0,"644":0,"645":0,"646":0,"649":0,"653":0,"654":0,"657":0,"659":0,"660":0,"661":0,"662":0,"663":0,"664":0,"665":0,"668":0,"672":0,"673":0,"674":0,"675":0,"676":0,"677":0,"683":0,"684":0,"685":0,"686":0,"687":0,"688":0,"689":0,"691":0,"697":0,"701":0,"707":0,"710":0,"713":0}},"/home/travis/build/npmtest/node-npmtest-regenerator/node_modules/regenerator/runtime-module.js":{"path":"/home/travis/build/npmtest/node-npmtest-regenerator/node_modules/regenerator/runtime-module.js","s":{"1":1,"2":1},"b":{},"f":{},"fnMap":{},"statementMap":{"1":{"start":{"line":1,"column":0},"end":{"line":4,"column":2}},"2":{"start":{"line":6,"column":0},"end":{"line":6,"column":48}}},"branchMap":{},"code":["console.warn(","  \"The regenerator/runtime-module module is deprecated; \" +","    \"please import regenerator-runtime instead.\"",");","","module.exports = require(\"regenerator-runtime\");",""],"l":{"1":1,"6":1}},"/home/travis/build/npmtest/node-npmtest-regenerator/node_modules/regenerator-runtime/runtime-module.js":{"path":"/home/travis/build/npmtest/node-npmtest-regenerator/node_modules/regenerator-runtime/runtime-module.js","s":{"1":1,"2":1,"3":1,"4":1,"5":1,"6":1,"7":1,"8":0,"9":0,"10":0},"b":{"1":[1,0],"2":[0,0],"3":[0,0],"4":[1,1],"5":[1,1],"6":[1,0]},"f":{},"fnMap":{},"statementMap":{"1":{"start":{"line":3,"column":0},"end":{"line":6,"column":41}},"2":{"start":{"line":10,"column":0},"end":{"line":11,"column":67}},"3":{"start":{"line":14,"column":0},"end":{"line":14,"column":52}},"4":{"start":{"line":17,"column":0},"end":{"line":17,"column":33}},"5":{"start":{"line":19,"column":0},"end":{"line":19,"column":38}},"6":{"start":{"line":21,"column":0},"end":{"line":31,"column":1}},"7":{"start":{"line":23,"column":2},"end":{"line":23,"column":36}},"8":{"start":{"line":26,"column":2},"end":{"line":30,"column":3}},"9":{"start":{"line":27,"column":4},"end":{"line":27,"column":32}},"10":{"start":{"line":29,"column":4},"end":{"line":29,"column":37}}},"branchMap":{"1":{"line":4,"type":"cond-expr","locations":[{"start":{"line":4,"column":31},"end":{"line":4,"column":37}},{"start":{"line":5,"column":2},"end":{"line":6,"column":40}}]},"2":{"line":5,"type":"cond-expr","locations":[{"start":{"line":5,"column":31},"end":{"line":5,"column":37}},{"start":{"line":6,"column":2},"end":{"line":6,"column":40}}]},"3":{"line":6,"type":"cond-expr","locations":[{"start":{"line":6,"column":29},"end":{"line":6,"column":33}},{"start":{"line":6,"column":36},"end":{"line":6,"column":40}}]},"4":{"line":10,"type":"binary-expr","locations":[{"start":{"line":10,"column":17},"end":{"line":10,"column":37}},{"start":{"line":11,"column":2},"end":{"line":11,"column":66}}]},"5":{"line":14,"type":"binary-expr","locations":[{"start":{"line":14,"column":17},"end":{"line":14,"column":27}},{"start":{"line":14,"column":31},"end":{"line":14,"column":51}}]},"6":{"line":21,"type":"if","locations":[{"start":{"line":21,"column":0},"end":{"line":21,"column":0}},{"start":{"line":21,"column":0},"end":{"line":21,"column":0}}]}},"code":["// This method of obtaining a reference to the global object needs to be","// kept identical to the way it is obtained in runtime.js","var g =","  typeof global === \"object\" ? global :","  typeof window === \"object\" ? window :","  typeof self === \"object\" ? self : this;","","// Use `getOwnPropertyNames` because not all browsers support calling","// `hasOwnProperty` on the global `self` object in a worker. See #183.","var hadRuntime = g.regeneratorRuntime &&","  Object.getOwnPropertyNames(g).indexOf(\"regeneratorRuntime\") >= 0;","","// Save the old regeneratorRuntime in case it needs to be restored later.","var oldRuntime = hadRuntime && g.regeneratorRuntime;","","// Force reevalutation of runtime.js.","g.regeneratorRuntime = undefined;","","module.exports = require(\"./runtime\");","","if (hadRuntime) {","  // Restore the original runtime.","  g.regeneratorRuntime = oldRuntime;","} else {","  // Remove the global property added by runtime.js.","  try {","    delete g.regeneratorRuntime;","  } catch(e) {","    g.regeneratorRuntime = undefined;","  }","}",""],"l":{"3":1,"10":1,"14":1,"17":1,"19":1,"21":1,"23":1,"26":0,"27":0,"29":0}}}